Reading netlist file: "D:\work\gowin\projects\riscv_soc\riscv_soc\impl\gwsynthesis\riscv_soc.vg"
Parsing netlist file "D:\work\gowin\projects\riscv_soc\riscv_soc\impl\gwsynthesis\riscv_soc.vg" completed
Processing netlist completed
Reading constraint file: "D:\work\gowin\projects\riscv_soc\riscv_soc\src\riscv_soc.cst"
Physical Constraint parsed completed
Running placement......
[10%] Placement Phase 0 completed
[20%] Placement Phase 1 completed
[30%] Placement Phase 2 completed
[50%] Placement Phase 3 completed
Running routing......
[60%] Routing Phase 0 completed
[70%] Routing Phase 1 completed
[80%] Routing Phase 2 completed
[90%] Routing Phase 3 completed
Running timing analysis......
[95%] Timing analysis completed
Placement and routing completed
Bitstream generation in progress......
Bitstream generation completed
Running power analysis......
[100%] Power analysis completed
Generate file "D:\work\gowin\projects\riscv_soc\riscv_soc\impl\pnr\riscv_soc.power.html" completed
Generate file "D:\work\gowin\projects\riscv_soc\riscv_soc\impl\pnr\riscv_soc.pin.html" completed
Generate file "D:\work\gowin\projects\riscv_soc\riscv_soc\impl\pnr\riscv_soc.rpt.html" completed
Generate file "D:\work\gowin\projects\riscv_soc\riscv_soc\impl\pnr\riscv_soc.rpt.txt" completed
Generate file "D:\work\gowin\projects\riscv_soc\riscv_soc\impl\pnr\riscv_soc.tr.html" completed
Wed Nov 29 22:04:44 2023

