#! /usr/bin/vvp
:ivl_version "12.0 (stable)";
:ivl_delay_selection "TYPICAL";
:vpi_time_precision + 0;
:vpi_module "/usr/lib/x86_64-linux-gnu/ivl/system.vpi";
:vpi_module "/usr/lib/x86_64-linux-gnu/ivl/vhdl_sys.vpi";
:vpi_module "/usr/lib/x86_64-linux-gnu/ivl/vhdl_textio.vpi";
:vpi_module "/usr/lib/x86_64-linux-gnu/ivl/v2005_math.vpi";
:vpi_module "/usr/lib/x86_64-linux-gnu/ivl/va_math.vpi";
S_0x5805119b9490 .scope module, "Memory" "Memory" 2 1;
 .timescale 0 0;
    .port_info 0 /INPUT 1 "clk";
    .port_info 1 /INPUT 32 "mem_addr";
    .port_info 2 /OUTPUT 32 "mem_rdata";
    .port_info 3 /INPUT 1 "mem_rstrb";
    .port_info 4 /INPUT 32 "mem_wdata";
    .port_info 5 /INPUT 4 "mem_wmask";
P_0x5805119ddd50 .param/str "MEM_FILE" 0 2 1, "\000";
P_0x5805119ddd90 .param/l "SIZE" 0 2 2, +C4<00000000000000000000010000000000>;
v0x5805119b96c0 .array "MEM", 1023 0, 31 0;
o0x74a350ec7018 .functor BUFZ 1, C4<z>; HiZ drive
v0x5805119b9760_0 .net "clk", 0 0, o0x74a350ec7018;  0 drivers
v0x580511a08710_0 .var/i "i", 31 0;
o0x74a350ec7078 .functor BUFZ 32, C4<zzzzzzzzzzzzzzzzzzzzzzzzzzzzzzzz>; HiZ drive
v0x580511a087d0_0 .net "mem_addr", 31 0, o0x74a350ec7078;  0 drivers
v0x580511a088b0_0 .var "mem_rdata", 31 0;
o0x74a350ec70d8 .functor BUFZ 1, C4<z>; HiZ drive
v0x580511a089e0_0 .net "mem_rstrb", 0 0, o0x74a350ec70d8;  0 drivers
o0x74a350ec7108 .functor BUFZ 32, C4<zzzzzzzzzzzzzzzzzzzzzzzzzzzzzzzz>; HiZ drive
v0x580511a08aa0_0 .net "mem_wdata", 31 0, o0x74a350ec7108;  0 drivers
o0x74a350ec7138 .functor BUFZ 4, C4<zzzz>; HiZ drive
v0x580511a08b80_0 .net "mem_wmask", 3 0, o0x74a350ec7138;  0 drivers
v0x580511a08c60_0 .net "word_addr", 29 0, L_0x580511a08e00;  1 drivers
E_0x5805119f3180 .event posedge, v0x5805119b9760_0;
L_0x580511a08e00 .part o0x74a350ec7078, 2, 30;
    .scope S_0x5805119b9490;
T_0 ;
    %pushi/vec4 0, 0, 32;
    %store/vec4 v0x580511a08710_0, 0, 32;
T_0.0 ;
    %load/vec4 v0x580511a08710_0;
    %cmpi/s 1024, 0, 32;
    %jmp/0xz T_0.1, 5;
    %pushi/vec4 0, 0, 32;
    %ix/getv/s 4, v0x580511a08710_0;
    %store/vec4a v0x5805119b96c0, 4, 0;
    %load/vec4 v0x580511a08710_0;
    %addi 1, 0, 32;
    %store/vec4 v0x580511a08710_0, 0, 32;
    %jmp T_0.0;
T_0.1 ;
    %end;
    .thread T_0;
    .scope S_0x5805119b9490;
T_1 ;
    %wait E_0x5805119f3180;
    %load/vec4 v0x580511a08b80_0;
    %parti/s 1, 0, 2;
    %flag_set/vec4 8;
    %jmp/0xz  T_1.0, 8;
    %load/vec4 v0x580511a08aa0_0;
    %parti/s 8, 0, 2;
    %ix/getv 3, v0x580511a08c60_0;
    %ix/load 4, 0, 0; Constant delay
    %assign/vec4/a/d v0x5805119b96c0, 0, 4;
T_1.0 ;
    %load/vec4 v0x580511a08b80_0;
    %parti/s 1, 1, 2;
    %flag_set/vec4 8;
    %jmp/0xz  T_1.2, 8;
    %load/vec4 v0x580511a08aa0_0;
    %parti/s 8, 8, 5;
    %ix/getv 3, v0x580511a08c60_0;
    %ix/load 4, 8, 0; part off
    %ix/load 5, 0, 0; Constant delay
    %assign/vec4/a/d v0x5805119b96c0, 4, 5;
T_1.2 ;
    %load/vec4 v0x580511a08b80_0;
    %parti/s 1, 2, 3;
    %flag_set/vec4 8;
    %jmp/0xz  T_1.4, 8;
    %load/vec4 v0x580511a08aa0_0;
    %parti/s 8, 16, 6;
    %ix/getv 3, v0x580511a08c60_0;
    %ix/load 4, 16, 0; part off
    %ix/load 5, 0, 0; Constant delay
    %assign/vec4/a/d v0x5805119b96c0, 4, 5;
T_1.4 ;
    %load/vec4 v0x580511a08b80_0;
    %parti/s 1, 3, 3;
    %flag_set/vec4 8;
    %jmp/0xz  T_1.6, 8;
    %load/vec4 v0x580511a08aa0_0;
    %parti/s 8, 24, 6;
    %ix/getv 3, v0x580511a08c60_0;
    %ix/load 4, 24, 0; part off
    %ix/load 5, 0, 0; Constant delay
    %assign/vec4/a/d v0x5805119b96c0, 4, 5;
T_1.6 ;
    %jmp T_1;
    .thread T_1;
    .scope S_0x5805119b9490;
T_2 ;
    %wait E_0x5805119f3180;
    %load/vec4 v0x580511a089e0_0;
    %flag_set/vec4 8;
    %jmp/0xz  T_2.0, 8;
    %ix/getv 4, v0x580511a08c60_0;
    %load/vec4a v0x5805119b96c0, 4;
    %assign/vec4 v0x580511a088b0_0, 0;
T_2.0 ;
    %jmp T_2;
    .thread T_2;
# The file index is used to find the file name in the following table.
:file_names 3;
    "N/A";
    "<interactive>";
    "/home/minh/Documents/RISC-V/Udemy - Building a RISC-V SoC From Scratch! 2023-12/8 - FPGA Emulation/22 - gowin-fpga-prj/riscv_soc/socv3/picoSoC_v3/src/Memory.v";
