#! /usr/bin/vvp
:ivl_version "12.0 (stable)";
:ivl_delay_selection "TYPICAL";
:vpi_time_precision + 0;
:vpi_module "/usr/lib/x86_64-linux-gnu/ivl/system.vpi";
:vpi_module "/usr/lib/x86_64-linux-gnu/ivl/vhdl_sys.vpi";
:vpi_module "/usr/lib/x86_64-linux-gnu/ivl/vhdl_textio.vpi";
:vpi_module "/usr/lib/x86_64-linux-gnu/ivl/v2005_math.vpi";
:vpi_module "/usr/lib/x86_64-linux-gnu/ivl/va_math.vpi";
S_0x56f7d9ae1490 .scope module, "gpio_ip" "gpio_ip" 2 3;
 .timescale 0 0;
    .port_info 0 /INPUT 1 "clk";
    .port_info 1 /INPUT 1 "rst";
    .port_info 2 /OUTPUT 32 "csr_gpio_0_data_out";
    .port_info 3 /INPUT 32 "waddr";
    .port_info 4 /INPUT 32 "wdata";
    .port_info 5 /INPUT 1 "wen";
    .port_info 6 /INPUT 4 "wstrb";
    .port_info 7 /OUTPUT 1 "wready";
    .port_info 8 /INPUT 32 "raddr";
    .port_info 9 /INPUT 1 "ren";
    .port_info 10 /OUTPUT 32 "rdata";
    .port_info 11 /OUTPUT 1 "rvalid";
P_0x56f7d9ae1620 .param/l "ADDR_W" 0 2 4, +C4<00000000000000000000000000100000>;
P_0x56f7d9ae1660 .param/l "DATA_W" 0 2 5, +C4<00000000000000000000000000100000>;
P_0x56f7d9ae16a0 .param/l "STRB_W" 0 2 6, +C4<00000000000000000000000000000100>;
o0x726b85eb73d8 .functor BUFZ 1, C4<z>; HiZ drive
L_0x56f7d9b0b0d0 .functor AND 1, o0x726b85eb73d8, L_0x56f7d9b4cbb0, C4<1>, C4<1>;
o0x726b85eb72b8 .functor BUFZ 1, C4<z>; HiZ drive
L_0x56f7d9b0d6e0 .functor AND 1, o0x726b85eb72b8, L_0x56f7d9b4cd30, C4<1>, C4<1>;
L_0x56f7d9b1ca70 .functor BUFZ 32, v0x56f7d9b3ba70_0, C4<00000000000000000000000000000000>, C4<00000000000000000000000000000000>, C4<00000000000000000000000000000000>;
L_0x56f7d9b4cf30 .functor BUFZ 32, v0x56f7d9b3ba70_0, C4<00000000000000000000000000000000>, C4<00000000000000000000000000000000>, C4<00000000000000000000000000000000>;
L_0x56f7d9b4d080 .functor BUFZ 32, v0x56f7d9b3c110_0, C4<00000000000000000000000000000000>, C4<00000000000000000000000000000000>, C4<00000000000000000000000000000000>;
L_0x56f7d9b4d150 .functor BUFZ 1, v0x56f7d9b3c540_0, C4<0>, C4<0>, C4<0>;
L_0x726b85e6e018 .functor BUFT 1, C4<00000000000000000000000000000000>, C4<0>, C4<0>, C4<0>;
v0x56f7d9b0b1f0_0 .net/2u *"_ivl_0", 31 0, L_0x726b85e6e018;  1 drivers
v0x56f7d9b0cdf0_0 .net *"_ivl_2", 0 0, L_0x56f7d9b4cbb0;  1 drivers
L_0x726b85e6e060 .functor BUFT 1, C4<00000000000000000000000000000000>, C4<0>, C4<0>, C4<0>;
v0x56f7d9b0d840_0 .net/2u *"_ivl_6", 31 0, L_0x726b85e6e060;  1 drivers
v0x56f7d9b3b8f0_0 .net *"_ivl_8", 0 0, L_0x56f7d9b4cd30;  1 drivers
o0x726b85eb70d8 .functor BUFZ 1, C4<z>; HiZ drive
v0x56f7d9b3b9b0_0 .net "clk", 0 0, o0x726b85eb70d8;  0 drivers
v0x56f7d9b3ba70_0 .var "csr_gpio_0_data_ff", 31 0;
v0x56f7d9b3bb50_0 .net "csr_gpio_0_data_out", 31 0, L_0x56f7d9b4cf30;  1 drivers
v0x56f7d9b3bc30_0 .net "csr_gpio_0_rdata", 31 0, L_0x56f7d9b1ca70;  1 drivers
v0x56f7d9b3bd10_0 .net "csr_gpio_0_ren", 0 0, L_0x56f7d9b0d6e0;  1 drivers
v0x56f7d9b3bdd0_0 .var "csr_gpio_0_ren_ff", 0 0;
v0x56f7d9b3be90_0 .net "csr_gpio_0_wen", 0 0, L_0x56f7d9b0b0d0;  1 drivers
o0x726b85eb7228 .functor BUFZ 32, C4<zzzzzzzzzzzzzzzzzzzzzzzzzzzzzzzz>; HiZ drive
v0x56f7d9b3bf50_0 .net "raddr", 31 0, o0x726b85eb7228;  0 drivers
v0x56f7d9b3c030_0 .net "rdata", 31 0, L_0x56f7d9b4d080;  1 drivers
v0x56f7d9b3c110_0 .var "rdata_ff", 31 0;
v0x56f7d9b3c1f0_0 .net "ren", 0 0, o0x726b85eb72b8;  0 drivers
o0x726b85eb72e8 .functor BUFZ 1, C4<z>; HiZ drive
v0x56f7d9b3c2b0_0 .net "rst", 0 0, o0x726b85eb72e8;  0 drivers
v0x56f7d9b3c370_0 .net "rvalid", 0 0, L_0x56f7d9b4d150;  1 drivers
v0x56f7d9b3c540_0 .var "rvalid_ff", 0 0;
o0x726b85eb7378 .functor BUFZ 32, C4<zzzzzzzzzzzzzzzzzzzzzzzzzzzzzzzz>; HiZ drive
v0x56f7d9b3c600_0 .net "waddr", 31 0, o0x726b85eb7378;  0 drivers
o0x726b85eb73a8 .functor BUFZ 32, C4<zzzzzzzzzzzzzzzzzzzzzzzzzzzzzzzz>; HiZ drive
v0x56f7d9b3c6e0_0 .net "wdata", 31 0, o0x726b85eb73a8;  0 drivers
v0x56f7d9b3c7c0_0 .net "wen", 0 0, o0x726b85eb73d8;  0 drivers
L_0x726b85e6e0a8 .functor BUFT 1, C4<1>, C4<0>, C4<0>, C4<0>;
v0x56f7d9b3c880_0 .net "wready", 0 0, L_0x726b85e6e0a8;  1 drivers
o0x726b85eb7438 .functor BUFZ 4, C4<zzzz>; HiZ drive
v0x56f7d9b3c940_0 .net "wstrb", 3 0, o0x726b85eb7438;  0 drivers
E_0x56f7d9b1b350 .event posedge, v0x56f7d9b3b9b0_0;
L_0x56f7d9b4cbb0 .cmp/eq 32, o0x726b85eb7378, L_0x726b85e6e018;
L_0x56f7d9b4cd30 .cmp/eq 32, o0x726b85eb7228, L_0x726b85e6e060;
    .scope S_0x56f7d9ae1490;
T_0 ;
    %wait E_0x56f7d9b1b350;
    %load/vec4 v0x56f7d9b3c2b0_0;
    %flag_set/vec4 8;
    %jmp/0xz  T_0.0, 8;
    %pushi/vec4 0, 0, 1;
    %assign/vec4 v0x56f7d9b3bdd0_0, 0;
    %jmp T_0.1;
T_0.0 ;
    %load/vec4 v0x56f7d9b3bd10_0;
    %assign/vec4 v0x56f7d9b3bdd0_0, 0;
T_0.1 ;
    %jmp T_0;
    .thread T_0;
    .scope S_0x56f7d9ae1490;
T_1 ;
    %wait E_0x56f7d9b1b350;
    %load/vec4 v0x56f7d9b3c2b0_0;
    %flag_set/vec4 8;
    %jmp/0xz  T_1.0, 8;
    %pushi/vec4 0, 0, 32;
    %assign/vec4 v0x56f7d9b3ba70_0, 0;
    %jmp T_1.1;
T_1.0 ;
    %load/vec4 v0x56f7d9b3be90_0;
    %flag_set/vec4 8;
    %jmp/0xz  T_1.2, 8;
    %load/vec4 v0x56f7d9b3c940_0;
    %parti/s 1, 0, 2;
    %flag_set/vec4 8;
    %jmp/0xz  T_1.4, 8;
    %load/vec4 v0x56f7d9b3c6e0_0;
    %parti/s 8, 0, 2;
    %ix/load 4, 0, 0;
    %ix/load 5, 0, 0;
    %flag_set/imm 4, 0;
    %assign/vec4/off/d v0x56f7d9b3ba70_0, 4, 5;
T_1.4 ;
    %load/vec4 v0x56f7d9b3c940_0;
    %parti/s 1, 1, 2;
    %flag_set/vec4 8;
    %jmp/0xz  T_1.6, 8;
    %load/vec4 v0x56f7d9b3c6e0_0;
    %parti/s 8, 8, 5;
    %ix/load 4, 8, 0;
    %ix/load 5, 0, 0;
    %flag_set/imm 4, 0;
    %assign/vec4/off/d v0x56f7d9b3ba70_0, 4, 5;
T_1.6 ;
    %load/vec4 v0x56f7d9b3c940_0;
    %parti/s 1, 2, 3;
    %flag_set/vec4 8;
    %jmp/0xz  T_1.8, 8;
    %load/vec4 v0x56f7d9b3c6e0_0;
    %parti/s 8, 16, 6;
    %ix/load 4, 16, 0;
    %ix/load 5, 0, 0;
    %flag_set/imm 4, 0;
    %assign/vec4/off/d v0x56f7d9b3ba70_0, 4, 5;
T_1.8 ;
    %load/vec4 v0x56f7d9b3c940_0;
    %parti/s 1, 3, 3;
    %flag_set/vec4 8;
    %jmp/0xz  T_1.10, 8;
    %load/vec4 v0x56f7d9b3c6e0_0;
    %parti/s 8, 24, 6;
    %ix/load 4, 24, 0;
    %ix/load 5, 0, 0;
    %flag_set/imm 4, 0;
    %assign/vec4/off/d v0x56f7d9b3ba70_0, 4, 5;
T_1.10 ;
    %jmp T_1.3;
T_1.2 ;
    %load/vec4 v0x56f7d9b3ba70_0;
    %assign/vec4 v0x56f7d9b3ba70_0, 0;
T_1.3 ;
T_1.1 ;
    %jmp T_1;
    .thread T_1;
    .scope S_0x56f7d9ae1490;
T_2 ;
    %wait E_0x56f7d9b1b350;
    %load/vec4 v0x56f7d9b3c2b0_0;
    %flag_set/vec4 8;
    %jmp/0xz  T_2.0, 8;
    %pushi/vec4 0, 0, 32;
    %assign/vec4 v0x56f7d9b3c110_0, 0;
    %jmp T_2.1;
T_2.0 ;
    %load/vec4 v0x56f7d9b3c1f0_0;
    %flag_set/vec4 8;
    %jmp/0xz  T_2.2, 8;
    %load/vec4 v0x56f7d9b3bf50_0;
    %dup/vec4;
    %pushi/vec4 0, 0, 32;
    %cmp/u;
    %jmp/1 T_2.4, 6;
    %pushi/vec4 0, 0, 32;
    %assign/vec4 v0x56f7d9b3c110_0, 0;
    %jmp T_2.6;
T_2.4 ;
    %load/vec4 v0x56f7d9b3bc30_0;
    %assign/vec4 v0x56f7d9b3c110_0, 0;
    %jmp T_2.6;
T_2.6 ;
    %pop/vec4 1;
    %jmp T_2.3;
T_2.2 ;
    %pushi/vec4 0, 0, 32;
    %assign/vec4 v0x56f7d9b3c110_0, 0;
T_2.3 ;
T_2.1 ;
    %jmp T_2;
    .thread T_2;
    .scope S_0x56f7d9ae1490;
T_3 ;
    %wait E_0x56f7d9b1b350;
    %load/vec4 v0x56f7d9b3c2b0_0;
    %flag_set/vec4 8;
    %jmp/0xz  T_3.0, 8;
    %pushi/vec4 0, 0, 1;
    %assign/vec4 v0x56f7d9b3c540_0, 0;
    %jmp T_3.1;
T_3.0 ;
    %load/vec4 v0x56f7d9b3c1f0_0;
    %flag_set/vec4 9;
    %flag_get/vec4 9;
    %jmp/0 T_3.4, 9;
    %load/vec4 v0x56f7d9b3c370_0;
    %and;
T_3.4;
    %flag_set/vec4 8;
    %jmp/0xz  T_3.2, 8;
    %pushi/vec4 0, 0, 1;
    %assign/vec4 v0x56f7d9b3c540_0, 0;
    %jmp T_3.3;
T_3.2 ;
    %load/vec4 v0x56f7d9b3c1f0_0;
    %flag_set/vec4 8;
    %jmp/0xz  T_3.5, 8;
    %pushi/vec4 1, 0, 1;
    %assign/vec4 v0x56f7d9b3c540_0, 0;
T_3.5 ;
T_3.3 ;
T_3.1 ;
    %jmp T_3;
    .thread T_3;
# The file index is used to find the file name in the following table.
:file_names 3;
    "N/A";
    "<interactive>";
    "/home/minh/Documents/RISC-V/Udemy - Building a RISC-V SoC From Scratch! 2023-12/8 - FPGA Emulation/22 - gowin-fpga-prj/riscv_soc/riscv_soc/src/gpio_ip.v";
