#! /home/mnasser431998/OSS_CAD/oss-cad-suite/bin/vvp
:ivl_version "13.0 (devel)" "(s20221226-126-gb210eb826)";
:ivl_delay_selection "TYPICAL";
:vpi_time_precision + 0;
:vpi_module "/home/mnasser431998/OSS_CAD/oss-cad-suite/lib/ivl/system.vpi";
:vpi_module "/home/mnasser431998/OSS_CAD/oss-cad-suite/lib/ivl/vhdl_sys.vpi";
:vpi_module "/home/mnasser431998/OSS_CAD/oss-cad-suite/lib/ivl/vhdl_textio.vpi";
:vpi_module "/home/mnasser431998/OSS_CAD/oss-cad-suite/lib/ivl/v2005_math.vpi";
:vpi_module "/home/mnasser431998/OSS_CAD/oss-cad-suite/lib/ivl/va_math.vpi";
S_0x5555556b7770 .scope module, "tb_processor" "tb_processor" 2 3;
 .timescale 0 0;
P_0x5555555e98e0 .param/l "CLK_PERIOD" 1 2 13, +C4<00000000000000000000000000001010>;
v0x5555556ee5d0_0 .var "clk", 0 0;
v0x5555556ee690_0 .var "reset_n", 0 0;
S_0x5555556a98c0 .scope module, "dut" "top" 2 8, 3 1 0, S_0x5555556b7770;
 .timescale 0 0;
    .port_info 0 /INPUT 1 "clk";
    .port_info 1 /INPUT 1 "reset_n";
    .port_info 2 /OUTPUT 5 "leds";
    .port_info 3 /OUTPUT 1 "uart_tx";
P_0x5555556aaf30 .param/str "MEM_FILE" 0 3 8, "/home/mnasser431998/Desktop/Udemy/picoSoC_v3/firmware/firmware.hex";
L_0x5555556aa910 .functor AND 1, L_0x555555719f80, L_0x5555557156f0, C4<1>, C4<1>;
L_0x55555564a010 .functor AND 4, L_0x5555556ee920, L_0x555555715380, C4<1111>, C4<1111>;
L_0x555555717140 .functor AND 1, L_0x55555571a040, L_0x555555717060, C4<1>, C4<1>;
L_0x555555717520 .functor AND 1, L_0x55555571a040, L_0x5555557156f0, C4<1>, C4<1>;
L_0x5555557196a0 .functor AND 1, L_0x55555571a140, L_0x555555719480, C4<1>, C4<1>;
L_0x555555719630 .functor AND 1, L_0x55555571a140, L_0x5555557156f0, C4<1>, C4<1>;
L_0x7f7b51b21d50 .functor BUFT 1, C4<0000>, C4<0>, C4<0>, C4<0>;
v0x5555556ed010_0 .net/2u *"_ivl_14", 3 0, L_0x7f7b51b21d50;  1 drivers
v0x5555556ed110_0 .net *"_ivl_17", 27 0, L_0x555555716dd0;  1 drivers
v0x5555556ed1f0_0 .net *"_ivl_2", 3 0, L_0x5555556ee920;  1 drivers
v0x5555556ed2e0_0 .net *"_ivl_21", 0 0, L_0x555555717060;  1 drivers
L_0x7f7b51b21d98 .functor BUFT 1, C4<0000>, C4<0>, C4<0>, C4<0>;
v0x5555556ed3a0_0 .net/2u *"_ivl_24", 3 0, L_0x7f7b51b21d98;  1 drivers
v0x5555556ed480_0 .net *"_ivl_27", 27 0, L_0x5555557172a0;  1 drivers
L_0x7f7b51b22188 .functor BUFT 1, C4<0000>, C4<0>, C4<0>, C4<0>;
v0x5555556ed560_0 .net/2u *"_ivl_34", 3 0, L_0x7f7b51b22188;  1 drivers
v0x5555556ed640_0 .net *"_ivl_37", 27 0, L_0x555555719230;  1 drivers
v0x5555556ed720_0 .net *"_ivl_41", 0 0, L_0x555555719480;  1 drivers
L_0x7f7b51b221d0 .functor BUFT 1, C4<0000>, C4<0>, C4<0>, C4<0>;
v0x5555556ed7e0_0 .net/2u *"_ivl_44", 3 0, L_0x7f7b51b221d0;  1 drivers
v0x5555556ed8c0_0 .net *"_ivl_47", 27 0, L_0x5555557197b0;  1 drivers
v0x5555556ed9a0_0 .net "clk", 0 0, v0x5555556ee5d0_0;  1 drivers
v0x5555556eda40_0 .net "leds", 4 0, L_0x555555716ce0;  1 drivers
v0x5555556edb20_0 .net "mem_addr", 31 0, L_0x55555570cd70;  1 drivers
v0x5555556edbe0_0 .net "mem_rdata", 31 0, v0x5555556ad850_0;  1 drivers
v0x5555556edca0_0 .net "mem_rstrb", 0 0, L_0x5555557156f0;  1 drivers
v0x5555556edd70_0 .net "mem_wdata", 31 0, L_0x555555713300;  1 drivers
v0x5555556edf20_0 .net "mem_wstrb", 3 0, L_0x555555715380;  1 drivers
v0x5555556edfc0_0 .var "processor_rdata", 31 0;
v0x5555556ee0b0_0 .net "rdata_gpio", 31 0, L_0x555555716b10;  1 drivers
v0x5555556ee180_0 .net "rdata_uart", 31 0, L_0x5555557189b0;  1 drivers
v0x5555556ee220_0 .net "reset_n", 0 0, v0x5555556ee690_0;  1 drivers
v0x5555556ee2c0_0 .net "s0_sel_mem", 0 0, L_0x555555719f80;  1 drivers
v0x5555556ee390_0 .net "s1_sel_gpio", 0 0, L_0x55555571a040;  1 drivers
v0x5555556ee460_0 .net "s2_sel_uart", 0 0, L_0x55555571a140;  1 drivers
v0x5555556ee530_0 .net "uart_tx", 0 0, L_0x555555718ff0;  1 drivers
E_0x5555555f3790/0 .event anyedge, v0x5555556d5c60_0, v0x5555556d5ba0_0, v0x5555556d5ae0_0, v0x5555556ad850_0;
E_0x5555555f3790/1 .event anyedge, v0x5555556d6c20_0, v0x5555556ea780_0;
E_0x5555555f3790 .event/or E_0x5555555f3790/0, E_0x5555555f3790/1;
L_0x5555556ee920 .concat [ 1 1 1 1], L_0x555555719f80, L_0x555555719f80, L_0x555555719f80, L_0x555555719f80;
L_0x555555716c40 .reduce/nor v0x5555556ee690_0;
L_0x555555716ce0 .part L_0x555555716a50, 0, 5;
L_0x555555716dd0 .part L_0x55555570cd70, 0, 28;
L_0x555555716ed0 .concat [ 28 4 0 0], L_0x555555716dd0, L_0x7f7b51b21d50;
L_0x555555717060 .reduce/or L_0x555555715380;
L_0x5555557172a0 .part L_0x55555570cd70, 0, 28;
L_0x555555717340 .concat [ 28 4 0 0], L_0x5555557172a0, L_0x7f7b51b21d98;
L_0x555555719100 .reduce/nor v0x5555556ee690_0;
L_0x555555719230 .part L_0x55555570cd70, 0, 28;
L_0x5555557193e0 .concat [ 28 4 0 0], L_0x555555719230, L_0x7f7b51b22188;
L_0x555555719480 .reduce/or L_0x555555715380;
L_0x5555557197b0 .part L_0x55555570cd70, 0, 28;
L_0x555555719850 .concat [ 28 4 0 0], L_0x5555557197b0, L_0x7f7b51b221d0;
S_0x5555556a9fa0 .scope module, "D_mem_unit" "Memory" 3 38, 4 1 0, S_0x5555556a98c0;
 .timescale 0 0;
    .port_info 0 /INPUT 1 "clk";
    .port_info 1 /INPUT 32 "mem_addr";
    .port_info 2 /OUTPUT 32 "mem_rdata";
    .port_info 3 /INPUT 1 "mem_rstrb";
    .port_info 4 /INPUT 32 "mem_wdata";
    .port_info 5 /INPUT 4 "mem_wmask";
P_0x5555556c5c70 .param/str "MEM_FILE" 0 4 1, "/home/mnasser431998/Desktop/Udemy/picoSoC_v3/firmware/firmware.hex";
P_0x5555556c5cb0 .param/l "SIZE" 0 4 2, +C4<00000000000000000000010000000000>;
v0x5555556a6fb0 .array "MEM", 1023 0, 31 0;
v0x5555556aaa20_0 .net "clk", 0 0, v0x5555556ee5d0_0;  alias, 1 drivers
v0x5555556ac570_0 .var/i "i", 31 0;
v0x5555556acf80_0 .net "mem_addr", 31 0, L_0x55555570cd70;  alias, 1 drivers
v0x5555556ad850_0 .var "mem_rdata", 31 0;
v0x5555555d3c80_0 .net "mem_rstrb", 0 0, L_0x5555556aa910;  1 drivers
v0x5555556d4fd0_0 .net "mem_wdata", 31 0, L_0x555555713300;  alias, 1 drivers
v0x5555556d50b0_0 .net "mem_wmask", 3 0, L_0x55555564a010;  1 drivers
v0x5555556d5190_0 .net "word_addr", 29 0, L_0x5555556ee7a0;  1 drivers
E_0x55555565bcf0 .event posedge, v0x5555556aaa20_0;
L_0x5555556ee7a0 .part L_0x55555570cd70, 2, 30;
S_0x5555556aa370 .scope module, "dv_sel" "device_select" 3 99, 5 1 0, S_0x5555556a98c0;
 .timescale 0 0;
    .port_info 0 /INPUT 32 "addr";
    .port_info 1 /OUTPUT 1 "s0_sel_mem";
    .port_info 2 /OUTPUT 1 "s1_sel_gpio";
    .port_info 3 /OUTPUT 1 "s2_sel_uart";
L_0x555555719f80 .functor BUFZ 1, L_0x555555719a60, C4<0>, C4<0>, C4<0>;
L_0x55555571a040 .functor BUFZ 1, L_0x555555719bf0, C4<0>, C4<0>, C4<0>;
L_0x55555571a140 .functor BUFZ 1, L_0x555555719e00, C4<0>, C4<0>, C4<0>;
v0x5555556d5350_0 .net *"_ivl_1", 3 0, L_0x5555557199c0;  1 drivers
v0x5555556d5430_0 .net *"_ivl_13", 3 0, L_0x555555719d60;  1 drivers
L_0x7f7b51b222a8 .functor BUFT 1, C4<0101>, C4<0>, C4<0>, C4<0>;
v0x5555556d5510_0 .net/2u *"_ivl_14", 3 0, L_0x7f7b51b222a8;  1 drivers
L_0x7f7b51b22218 .functor BUFT 1, C4<0000>, C4<0>, C4<0>, C4<0>;
v0x5555556d55d0_0 .net/2u *"_ivl_2", 3 0, L_0x7f7b51b22218;  1 drivers
v0x5555556d56b0_0 .net *"_ivl_7", 3 0, L_0x555555719b50;  1 drivers
L_0x7f7b51b22260 .functor BUFT 1, C4<0100>, C4<0>, C4<0>, C4<0>;
v0x5555556d57e0_0 .net/2u *"_ivl_8", 3 0, L_0x7f7b51b22260;  1 drivers
v0x5555556d58c0_0 .net "addr", 31 0, L_0x55555570cd70;  alias, 1 drivers
v0x5555556d5980_0 .net "gpio_space", 0 0, L_0x555555719bf0;  1 drivers
v0x5555556d5a20_0 .net "mem_space", 0 0, L_0x555555719a60;  1 drivers
v0x5555556d5ae0_0 .net "s0_sel_mem", 0 0, L_0x555555719f80;  alias, 1 drivers
v0x5555556d5ba0_0 .net "s1_sel_gpio", 0 0, L_0x55555571a040;  alias, 1 drivers
v0x5555556d5c60_0 .net "s2_sel_uart", 0 0, L_0x55555571a140;  alias, 1 drivers
v0x5555556d5d20_0 .net "uart_space", 0 0, L_0x555555719e00;  1 drivers
L_0x5555557199c0 .part L_0x55555570cd70, 28, 4;
L_0x555555719a60 .cmp/eq 4, L_0x5555557199c0, L_0x7f7b51b22218;
L_0x555555719b50 .part L_0x55555570cd70, 28, 4;
L_0x555555719bf0 .cmp/eq 4, L_0x555555719b50, L_0x7f7b51b22260;
L_0x555555719d60 .part L_0x55555570cd70, 28, 4;
L_0x555555719e00 .cmp/eq 4, L_0x555555719d60, L_0x7f7b51b222a8;
S_0x55555565f040 .scope module, "gpio_unit" "gpio_ip" 3 59, 6 3 0, S_0x5555556a98c0;
 .timescale 0 0;
    .port_info 0 /INPUT 1 "clk";
    .port_info 1 /INPUT 1 "rst";
    .port_info 2 /OUTPUT 32 "csr_gpio_0_data_out";
    .port_info 3 /INPUT 32 "waddr";
    .port_info 4 /INPUT 32 "wdata";
    .port_info 5 /INPUT 1 "wen";
    .port_info 6 /INPUT 4 "wstrb";
    .port_info 7 /OUTPUT 1 "wready";
    .port_info 8 /INPUT 32 "raddr";
    .port_info 9 /INPUT 1 "ren";
    .port_info 10 /OUTPUT 32 "rdata";
    .port_info 11 /OUTPUT 1 "rvalid";
P_0x5555556d5e60 .param/l "ADDR_W" 0 6 4, +C4<00000000000000000000000000100000>;
P_0x5555556d5ea0 .param/l "DATA_W" 0 6 5, +C4<00000000000000000000000000100000>;
P_0x5555556d5ee0 .param/l "STRB_W" 0 6 6, +C4<00000000000000000000000000000100>;
L_0x555555716770 .functor AND 1, L_0x555555717140, L_0x5555557166d0, C4<1>, C4<1>;
L_0x555555716920 .functor AND 1, L_0x555555717520, L_0x555555716830, C4<1>, C4<1>;
L_0x5555557169e0 .functor BUFZ 32, v0x5555556d6680_0, C4<00000000000000000000000000000000>, C4<00000000000000000000000000000000>, C4<00000000000000000000000000000000>;
L_0x555555716a50 .functor BUFZ 32, v0x5555556d6680_0, C4<00000000000000000000000000000000>, C4<00000000000000000000000000000000>, C4<00000000000000000000000000000000>;
L_0x555555716b10 .functor BUFZ 32, v0x5555556d6d00_0, C4<00000000000000000000000000000000>, C4<00000000000000000000000000000000>, C4<00000000000000000000000000000000>;
L_0x555555716bd0 .functor BUFZ 1, v0x5555556d7020_0, C4<0>, C4<0>, C4<0>;
L_0x7f7b51b21c78 .functor BUFT 1, C4<00000000000000000000000000000000>, C4<0>, C4<0>, C4<0>;
v0x5555556d6240_0 .net/2u *"_ivl_0", 31 0, L_0x7f7b51b21c78;  1 drivers
v0x5555556d6320_0 .net *"_ivl_2", 0 0, L_0x5555557166d0;  1 drivers
L_0x7f7b51b21cc0 .functor BUFT 1, C4<00000000000000000000000000000000>, C4<0>, C4<0>, C4<0>;
v0x5555556d63e0_0 .net/2u *"_ivl_6", 31 0, L_0x7f7b51b21cc0;  1 drivers
v0x5555556d64d0_0 .net *"_ivl_8", 0 0, L_0x555555716830;  1 drivers
v0x5555556d6590_0 .net "clk", 0 0, v0x5555556ee5d0_0;  alias, 1 drivers
v0x5555556d6680_0 .var "csr_gpio_0_data_ff", 31 0;
v0x5555556d6740_0 .net "csr_gpio_0_data_out", 31 0, L_0x555555716a50;  1 drivers
v0x5555556d6820_0 .net "csr_gpio_0_rdata", 31 0, L_0x5555557169e0;  1 drivers
v0x5555556d6900_0 .net "csr_gpio_0_ren", 0 0, L_0x555555716920;  1 drivers
v0x5555556d69c0_0 .var "csr_gpio_0_ren_ff", 0 0;
v0x5555556d6a80_0 .net "csr_gpio_0_wen", 0 0, L_0x555555716770;  1 drivers
v0x5555556d6b40_0 .net "raddr", 31 0, L_0x555555717340;  1 drivers
v0x5555556d6c20_0 .net "rdata", 31 0, L_0x555555716b10;  alias, 1 drivers
v0x5555556d6d00_0 .var "rdata_ff", 31 0;
v0x5555556d6de0_0 .net "ren", 0 0, L_0x555555717520;  1 drivers
v0x5555556d6ea0_0 .net "rst", 0 0, L_0x555555716c40;  1 drivers
v0x5555556d6f60_0 .net "rvalid", 0 0, L_0x555555716bd0;  1 drivers
v0x5555556d7020_0 .var "rvalid_ff", 0 0;
v0x5555556d70e0_0 .net "waddr", 31 0, L_0x555555716ed0;  1 drivers
v0x5555556d71c0_0 .net "wdata", 31 0, L_0x555555713300;  alias, 1 drivers
v0x5555556d72b0_0 .net "wen", 0 0, L_0x555555717140;  1 drivers
L_0x7f7b51b21d08 .functor BUFT 1, C4<1>, C4<0>, C4<0>, C4<0>;
v0x5555556d7350_0 .net "wready", 0 0, L_0x7f7b51b21d08;  1 drivers
v0x5555556d7410_0 .net "wstrb", 3 0, L_0x555555715380;  alias, 1 drivers
L_0x5555557166d0 .cmp/eq 32, L_0x555555716ed0, L_0x7f7b51b21c78;
L_0x555555716830 .cmp/eq 32, L_0x555555717340, L_0x7f7b51b21cc0;
S_0x55555566e860 .scope module, "processor" "FemtoRV32" 3 47, 7 38 0, S_0x5555556a98c0;
 .timescale 0 0;
    .port_info 0 /INPUT 1 "clk";
    .port_info 1 /OUTPUT 32 "mem_addr";
    .port_info 2 /OUTPUT 32 "mem_wdata";
    .port_info 3 /OUTPUT 4 "mem_wmask";
    .port_info 4 /INPUT 32 "mem_rdata";
    .port_info 5 /OUTPUT 1 "mem_rstrb";
    .port_info 6 /INPUT 1 "mem_rbusy";
    .port_info 7 /INPUT 1 "mem_wbusy";
    .port_info 8 /INPUT 1 "reset";
P_0x5555556d7670 .param/l "ADDR_WIDTH" 0 7 53, +C4<00000000000000000000000000100000>;
P_0x5555556d76b0 .param/l "EXECUTE" 1 7 317, +C4<0000000000000000000000000000000100>;
P_0x5555556d76f0 .param/l "EXECUTE_bit" 1 7 311, +C4<00000000000000000000000000000010>;
P_0x5555556d7730 .param/l "FETCH_INSTR" 1 7 315, +C4<00000000000000000000000000000001>;
P_0x5555556d7770 .param/l "FETCH_INSTR_bit" 1 7 309, +C4<00000000000000000000000000000000>;
P_0x5555556d77b0 .param/l "NB_STATES" 1 7 313, +C4<00000000000000000000000000000100>;
P_0x5555556d77f0 .param/l "RESET_ADDR" 0 7 52, C4<00000000000000000000000000000000>;
P_0x5555556d7830 .param/l "WAIT_ALU_OR_MEM" 1 7 318, +C4<00000000000000000000000000000001000>;
P_0x5555556d7870 .param/l "WAIT_ALU_OR_MEM_bit" 1 7 312, +C4<00000000000000000000000000000011>;
P_0x5555556d78b0 .param/l "WAIT_INSTR" 1 7 316, +C4<000000000000000000000000000000010>;
P_0x5555556d78f0 .param/l "WAIT_INSTR_bit" 1 7 310, +C4<00000000000000000000000000000001>;
L_0x5555556168f0 .functor OR 1, L_0x555555701c20, L_0x555555702210, C4<0>, C4<0>;
L_0x5555557035b0 .functor BUFZ 32, v0x5555556dfbb0_0, C4<00000000000000000000000000000000>, C4<00000000000000000000000000000000>, C4<00000000000000000000000000000000>;
L_0x555555703620 .functor OR 1, L_0x555555702210, L_0x555555703220, C4<0>, C4<0>;
L_0x555555703b20 .functor NOT 32, L_0x5555557036e0, C4<00000000000000000000000000000000>, C4<00000000000000000000000000000000>, C4<00000000000000000000000000000000>;
L_0x555555704130 .functor XOR 1, L_0x555555704560, L_0x5555557047c0, C4<0>, C4<0>;
L_0x555555705a80 .functor AND 1, L_0x555555705730, L_0x5555557057d0, C4<1>, C4<1>;
L_0x5555557069c0 .functor OR 32, L_0x555555706050, L_0x5555557065f0, C4<00000000000000000000000000000000>, C4<00000000000000000000000000000000>;
L_0x555555707040 .functor OR 32, L_0x5555557069c0, L_0x555555706eb0, C4<00000000000000000000000000000000>, C4<00000000000000000000000000000000>;
L_0x5555557074a0 .functor XOR 32, L_0x5555557035b0, L_0x5555557036e0, C4<00000000000000000000000000000000>, C4<00000000000000000000000000000000>;
L_0x5555557076a0 .functor OR 32, L_0x555555707040, L_0x555555707510, C4<00000000000000000000000000000000>, C4<00000000000000000000000000000000>;
L_0x555555707ac0 .functor OR 32, L_0x5555557035b0, L_0x5555557036e0, C4<00000000000000000000000000000000>, C4<00000000000000000000000000000000>;
L_0x555555707c70 .functor OR 32, L_0x5555557076a0, L_0x555555707b30, C4<00000000000000000000000000000000>, C4<00000000000000000000000000000000>;
L_0x555555708110 .functor AND 32, L_0x5555557035b0, L_0x5555557036e0, C4<11111111111111111111111111111111>, C4<11111111111111111111111111111111>;
L_0x555555708310 .functor OR 32, L_0x555555707c70, L_0x555555708180, C4<00000000000000000000000000000000>, C4<00000000000000000000000000000000>;
L_0x555555707d80 .functor OR 32, L_0x555555708310, L_0x5555557084a0, C4<00000000000000000000000000000000>, C4<00000000000000000000000000000000>;
L_0x555555708db0 .functor OR 1, L_0x5555557088c0, L_0x555555708a70, C4<0>, C4<0>;
L_0x555555709040 .functor AND 1, L_0x555555708fa0, L_0x555555705320, C4<1>, C4<1>;
L_0x555555709540 .functor AND 1, L_0x555555709150, L_0x5555557094a0, C4<1>, C4<1>;
L_0x5555557096f0 .functor OR 1, L_0x555555709040, L_0x555555709540, C4<0>, C4<0>;
L_0x555555709b60 .functor AND 1, L_0x555555709800, L_0x555555704bf0, C4<1>, C4<1>;
L_0x555555709cd0 .functor OR 1, L_0x5555557096f0, L_0x555555709b60, C4<0>, C4<0>;
L_0x55555570a150 .functor AND 1, L_0x555555709650, L_0x555555709de0, C4<1>, C4<1>;
L_0x55555570a2d0 .functor OR 1, L_0x555555709cd0, L_0x55555570a150, C4<0>, C4<0>;
L_0x55555570a480 .functor AND 1, L_0x55555570a3e0, L_0x555555704f60, C4<1>, C4<1>;
L_0x55555570a610 .functor OR 1, L_0x55555570a2d0, L_0x55555570a480, C4<0>, C4<0>;
L_0x55555570ab40 .functor AND 1, L_0x55555570a720, L_0x55555570aaa0, C4<1>, C4<1>;
L_0x55555570ace0 .functor OR 1, L_0x55555570a610, L_0x55555570ab40, C4<0>, C4<0>;
L_0x55555570ae90 .functor OR 1, L_0x55555570c710, L_0x55555570c7b0, C4<0>, C4<0>;
L_0x55555570d480 .functor OR 32, L_0x55555570ceb0, L_0x55555570d340, C4<00000000000000000000000000000000>, C4<00000000000000000000000000000000>;
L_0x55555570da80 .functor OR 32, L_0x55555570d480, L_0x55555570d590, C4<00000000000000000000000000000000>, C4<00000000000000000000000000000000>;
L_0x55555570de20 .functor OR 32, L_0x55555570da80, L_0x55555570dc90, C4<00000000000000000000000000000000>, C4<00000000000000000000000000000000>;
L_0x55555570df30 .functor OR 1, L_0x5555557027d0, L_0x555555702520, C4<0>, C4<0>;
L_0x55555570e650 .functor OR 32, L_0x55555570de20, L_0x55555570e150, C4<00000000000000000000000000000000>, C4<00000000000000000000000000000000>;
L_0x55555570e8a0 .functor OR 32, L_0x55555570e650, L_0x55555570e760, C4<00000000000000000000000000000000>, C4<00000000000000000000000000000000>;
L_0x555555710510 .functor AND 1, L_0x55555570f9e0, L_0x55555570ffc0, C4<1>, C4<1>;
L_0x555555714610 .functor OR 1, L_0x555555703220, L_0x555555701f10, C4<0>, C4<0>;
L_0x55555570e9b0 .functor NOT 1, L_0x555555714610, C4<0>, C4<0>, C4<0>;
L_0x5555557149b0 .functor OR 1, L_0x555555714f40, L_0x555555714910, C4<0>, C4<0>;
L_0x555555714bb0 .functor AND 1, L_0x55555570e9b0, L_0x5555557149b0, C4<1>, C4<1>;
L_0x555555714d60 .functor AND 1, L_0x555555714cc0, L_0x555555701940, C4<1>, C4<1>;
L_0x5555557156f0 .functor OR 1, L_0x555555714d60, L_0x555555715650, C4<0>, C4<0>;
L_0x555555714fe0 .functor AND 1, L_0x5555557157b0, L_0x555555701f10, C4<1>, C4<1>;
L_0x555555715380 .functor AND 4, L_0x555555715200, L_0x555555714520, C4<1111>, C4<1111>;
L_0x555555715850 .functor AND 1, L_0x555555715440, L_0x5555556168f0, C4<1>, C4<1>;
L_0x555555715a80 .functor AND 1, L_0x555555703220, L_0x55555570ace0, C4<1>, C4<1>;
L_0x555555715af0 .functor OR 1, L_0x555555702520, L_0x555555715a80, C4<0>, C4<0>;
L_0x5555557163d0 .functor OR 1, L_0x555555701940, L_0x555555701f10, C4<0>, C4<0>;
L_0x555555716560 .functor AND 1, L_0x5555556168f0, L_0x555555708db0, C4<1>, C4<1>;
L_0x555555716660 .functor OR 1, L_0x5555557163d0, L_0x555555716560, C4<0>, C4<0>;
v0x5555556d7d10_0 .net "Bimm", 31 0, L_0x5555557008d0;  1 drivers
v0x5555556d80f0_0 .net "EQ", 0 0, L_0x555555705320;  1 drivers
v0x5555556d81b0_0 .net "Iimm", 31 0, L_0x5555556ff910;  1 drivers
v0x5555556d82a0_0 .net "Jimm", 31 0, L_0x555555701550;  1 drivers
v0x5555556d8380_0 .net "LOAD_byte", 7 0, L_0x555555712f90;  1 drivers
v0x5555556d84b0_0 .net "LOAD_data", 31 0, L_0x555555711730;  1 drivers
v0x5555556d8590_0 .net "LOAD_halfword", 15 0, L_0x555555712320;  1 drivers
v0x5555556d8670_0 .net "LOAD_sign", 0 0, L_0x555555710510;  1 drivers
v0x5555556d8730_0 .net "LT", 0 0, L_0x555555704bf0;  1 drivers
v0x5555556d87f0_0 .net "LTU", 0 0, L_0x555555704f60;  1 drivers
v0x5555556d88b0_0 .var "PC", 31 0;
v0x5555556d8990_0 .net "PCplus4", 31 0, L_0x55555570adf0;  1 drivers
v0x5555556d8a70_0 .net "PCplusImm", 31 0, L_0x55555570bc60;  1 drivers
v0x5555556d8b50_0 .net "STORE_wmask", 3 0, L_0x555555714520;  1 drivers
v0x5555556d8c30_0 .net "Simm", 31 0, L_0x5555557000a0;  1 drivers
v0x5555556d8d10_0 .net "Uimm", 31 0, L_0x5555556ff040;  1 drivers
v0x5555556d8df0_0 .net *"_ivl_101", 4 0, L_0x555555702a90;  1 drivers
L_0x7f7b51b212e8 .functor BUFT 1, C4<01101>, C4<0>, C4<0>, C4<0>;
v0x5555556d8ed0_0 .net/2u *"_ivl_102", 4 0, L_0x7f7b51b212e8;  1 drivers
v0x5555556d8fb0_0 .net *"_ivl_107", 4 0, L_0x555555702e00;  1 drivers
L_0x7f7b51b21330 .functor BUFT 1, C4<00101>, C4<0>, C4<0>, C4<0>;
v0x5555556d9090_0 .net/2u *"_ivl_108", 4 0, L_0x7f7b51b21330;  1 drivers
v0x5555556d9170_0 .net *"_ivl_11", 18 0, L_0x5555556eeed0;  1 drivers
v0x5555556d9250_0 .net *"_ivl_113", 4 0, L_0x555555703180;  1 drivers
L_0x7f7b51b21378 .functor BUFT 1, C4<11000>, C4<0>, C4<0>, C4<0>;
v0x5555556d9330_0 .net/2u *"_ivl_114", 4 0, L_0x7f7b51b21378;  1 drivers
L_0x7f7b51b21060 .functor BUFT 1, C4<000000000000>, C4<0>, C4<0>, C4<0>;
v0x5555556d9410_0 .net/2u *"_ivl_12", 11 0, L_0x7f7b51b21060;  1 drivers
v0x5555556d94f0_0 .net *"_ivl_122", 0 0, L_0x555555703620;  1 drivers
L_0x7f7b51b213c0 .functor BUFT 1, C4<1>, C4<0>, C4<0>, C4<0>;
v0x5555556d95d0_0 .net/2u *"_ivl_130", 0 0, L_0x7f7b51b213c0;  1 drivers
v0x5555556d96b0_0 .net *"_ivl_132", 31 0, L_0x555555703b20;  1 drivers
v0x5555556d9790_0 .net *"_ivl_134", 32 0, L_0x555555703c90;  1 drivers
L_0x7f7b51b21408 .functor BUFT 1, C4<0>, C4<0>, C4<0>, C4<0>;
v0x5555556d9870_0 .net/2u *"_ivl_136", 0 0, L_0x7f7b51b21408;  1 drivers
v0x5555556d9950_0 .net *"_ivl_138", 32 0, L_0x555555703fa0;  1 drivers
v0x5555556d9a30_0 .net *"_ivl_140", 32 0, L_0x555555704090;  1 drivers
L_0x7f7b51b21450 .functor BUFT 1, C4<000000000000000000000000000000001>, C4<0>, C4<0>, C4<0>;
v0x5555556d9b10_0 .net/2u *"_ivl_142", 32 0, L_0x7f7b51b21450;  1 drivers
v0x5555556d9bf0_0 .net *"_ivl_147", 0 0, L_0x555555704560;  1 drivers
v0x5555556d9cd0_0 .net *"_ivl_149", 0 0, L_0x5555557047c0;  1 drivers
v0x5555556d9db0_0 .net *"_ivl_150", 0 0, L_0x555555704130;  1 drivers
v0x5555556d9e90_0 .net *"_ivl_153", 0 0, L_0x555555704890;  1 drivers
v0x5555556d9f70_0 .net *"_ivl_155", 0 0, L_0x555555704b00;  1 drivers
v0x5555556da050_0 .net *"_ivl_161", 31 0, L_0x555555705000;  1 drivers
L_0x7f7b51b21498 .functor BUFT 1, C4<00000000000000000000000000000000>, C4<0>, C4<0>, C4<0>;
v0x5555556da130_0 .net/2u *"_ivl_162", 31 0, L_0x7f7b51b21498;  1 drivers
v0x5555556da210_0 .net *"_ivl_167", 0 0, L_0x555555705440;  1 drivers
v0x5555556da2f0_0 .net *"_ivl_169", 0 0, L_0x555555705730;  1 drivers
v0x5555556da3d0_0 .net *"_ivl_17", 0 0, L_0x5555556ff220;  1 drivers
v0x5555556da4b0_0 .net *"_ivl_171", 0 0, L_0x5555557057d0;  1 drivers
v0x5555556da590_0 .net *"_ivl_172", 0 0, L_0x555555705a80;  1 drivers
v0x5555556da670_0 .net *"_ivl_175", 31 0, L_0x555555705c00;  1 drivers
v0x5555556da750_0 .net *"_ivl_176", 31 0, L_0x555555705ca0;  1 drivers
L_0x7f7b51b214e0 .functor BUFT 1, C4<00000000000000000000000000000000>, C4<0>, C4<0>, C4<0>;
v0x5555556da830_0 .net/2u *"_ivl_178", 31 0, L_0x7f7b51b214e0;  1 drivers
v0x5555556da910_0 .net *"_ivl_18", 20 0, L_0x5555556ff2c0;  1 drivers
v0x5555556da9f0_0 .net *"_ivl_180", 31 0, L_0x555555706050;  1 drivers
v0x5555556daad0_0 .net *"_ivl_183", 0 0, L_0x5555557061e0;  1 drivers
L_0x7f7b51b21528 .functor BUFT 1, C4<0000000000000000000000000000000>, C4<0>, C4<0>, C4<0>;
v0x5555556dabb0_0 .net/2u *"_ivl_184", 30 0, L_0x7f7b51b21528;  1 drivers
v0x5555556dac90_0 .net *"_ivl_186", 31 0, L_0x5555557064b0;  1 drivers
L_0x7f7b51b21570 .functor BUFT 1, C4<00000000000000000000000000000000>, C4<0>, C4<0>, C4<0>;
v0x5555556dad70_0 .net/2u *"_ivl_188", 31 0, L_0x7f7b51b21570;  1 drivers
v0x5555556dae50_0 .net *"_ivl_190", 31 0, L_0x5555557065f0;  1 drivers
v0x5555556daf30_0 .net *"_ivl_192", 31 0, L_0x5555557069c0;  1 drivers
v0x5555556db010_0 .net *"_ivl_195", 0 0, L_0x555555706ad0;  1 drivers
L_0x7f7b51b215b8 .functor BUFT 1, C4<0000000000000000000000000000000>, C4<0>, C4<0>, C4<0>;
v0x5555556db0f0_0 .net/2u *"_ivl_196", 30 0, L_0x7f7b51b215b8;  1 drivers
v0x5555556db1d0_0 .net *"_ivl_198", 31 0, L_0x555555706b70;  1 drivers
L_0x7f7b51b21018 .functor BUFT 1, C4<00000001>, C4<0>, C4<0>, C4<0>;
v0x5555556db2b0_0 .net/2u *"_ivl_2", 7 0, L_0x7f7b51b21018;  1 drivers
L_0x7f7b51b21600 .functor BUFT 1, C4<00000000000000000000000000000000>, C4<0>, C4<0>, C4<0>;
v0x5555556db390_0 .net/2u *"_ivl_200", 31 0, L_0x7f7b51b21600;  1 drivers
v0x5555556db470_0 .net *"_ivl_202", 31 0, L_0x555555706eb0;  1 drivers
v0x5555556db550_0 .net *"_ivl_204", 31 0, L_0x555555707040;  1 drivers
v0x5555556db630_0 .net *"_ivl_207", 0 0, L_0x5555557071a0;  1 drivers
v0x5555556db710_0 .net *"_ivl_208", 31 0, L_0x5555557074a0;  1 drivers
v0x5555556db7f0_0 .net *"_ivl_21", 10 0, L_0x5555556ff870;  1 drivers
L_0x7f7b51b21648 .functor BUFT 1, C4<00000000000000000000000000000000>, C4<0>, C4<0>, C4<0>;
v0x5555556dbce0_0 .net/2u *"_ivl_210", 31 0, L_0x7f7b51b21648;  1 drivers
v0x5555556dbdc0_0 .net *"_ivl_212", 31 0, L_0x555555707510;  1 drivers
v0x5555556dbea0_0 .net *"_ivl_214", 31 0, L_0x5555557076a0;  1 drivers
v0x5555556dbf80_0 .net *"_ivl_217", 0 0, L_0x5555557077b0;  1 drivers
v0x5555556dc060_0 .net *"_ivl_218", 31 0, L_0x555555707ac0;  1 drivers
L_0x7f7b51b21690 .functor BUFT 1, C4<00000000000000000000000000000000>, C4<0>, C4<0>, C4<0>;
v0x5555556dc140_0 .net/2u *"_ivl_220", 31 0, L_0x7f7b51b21690;  1 drivers
v0x5555556dc220_0 .net *"_ivl_222", 31 0, L_0x555555707b30;  1 drivers
v0x5555556dc300_0 .net *"_ivl_224", 31 0, L_0x555555707c70;  1 drivers
v0x5555556dc3e0_0 .net *"_ivl_227", 0 0, L_0x555555707df0;  1 drivers
v0x5555556dc4c0_0 .net *"_ivl_228", 31 0, L_0x555555708110;  1 drivers
L_0x7f7b51b216d8 .functor BUFT 1, C4<00000000000000000000000000000000>, C4<0>, C4<0>, C4<0>;
v0x5555556dc5a0_0 .net/2u *"_ivl_230", 31 0, L_0x7f7b51b216d8;  1 drivers
v0x5555556dc680_0 .net *"_ivl_232", 31 0, L_0x555555708180;  1 drivers
v0x5555556dc760_0 .net *"_ivl_234", 31 0, L_0x555555708310;  1 drivers
L_0x7f7b51b21720 .functor BUFT 1, C4<00000000000000000000000000000000>, C4<0>, C4<0>, C4<0>;
v0x5555556dc840_0 .net/2u *"_ivl_236", 31 0, L_0x7f7b51b21720;  1 drivers
v0x5555556dc920_0 .net *"_ivl_238", 31 0, L_0x5555557084a0;  1 drivers
v0x5555556dca00_0 .net *"_ivl_243", 0 0, L_0x5555557088c0;  1 drivers
v0x5555556dcae0_0 .net *"_ivl_245", 0 0, L_0x555555708a70;  1 drivers
v0x5555556dcbc0_0 .net *"_ivl_249", 0 0, L_0x555555708fa0;  1 drivers
v0x5555556dcca0_0 .net *"_ivl_25", 0 0, L_0x5555556ffa60;  1 drivers
v0x5555556dcd80_0 .net *"_ivl_250", 0 0, L_0x555555709040;  1 drivers
v0x5555556dce60_0 .net *"_ivl_253", 0 0, L_0x555555709150;  1 drivers
v0x5555556dcf40_0 .net *"_ivl_255", 0 0, L_0x5555557094a0;  1 drivers
v0x5555556dd000_0 .net *"_ivl_256", 0 0, L_0x555555709540;  1 drivers
v0x5555556dd0e0_0 .net *"_ivl_258", 0 0, L_0x5555557096f0;  1 drivers
v0x5555556dd1c0_0 .net *"_ivl_26", 20 0, L_0x5555556ffb00;  1 drivers
v0x5555556dd2a0_0 .net *"_ivl_261", 0 0, L_0x555555709800;  1 drivers
v0x5555556dd380_0 .net *"_ivl_262", 0 0, L_0x555555709b60;  1 drivers
v0x5555556dd460_0 .net *"_ivl_264", 0 0, L_0x555555709cd0;  1 drivers
v0x5555556dd540_0 .net *"_ivl_267", 0 0, L_0x555555709650;  1 drivers
v0x5555556dd620_0 .net *"_ivl_269", 0 0, L_0x555555709de0;  1 drivers
v0x5555556dd6e0_0 .net *"_ivl_270", 0 0, L_0x55555570a150;  1 drivers
v0x5555556dd7c0_0 .net *"_ivl_272", 0 0, L_0x55555570a2d0;  1 drivers
v0x5555556dd8a0_0 .net *"_ivl_275", 0 0, L_0x55555570a3e0;  1 drivers
v0x5555556dd980_0 .net *"_ivl_276", 0 0, L_0x55555570a480;  1 drivers
v0x5555556dda60_0 .net *"_ivl_278", 0 0, L_0x55555570a610;  1 drivers
v0x5555556ddb40_0 .net *"_ivl_281", 0 0, L_0x55555570a720;  1 drivers
v0x5555556ddc20_0 .net *"_ivl_283", 0 0, L_0x55555570aaa0;  1 drivers
v0x5555556ddce0_0 .net *"_ivl_284", 0 0, L_0x55555570ab40;  1 drivers
L_0x7f7b51b21768 .functor BUFT 1, C4<00000000000000000000000000000100>, C4<0>, C4<0>, C4<0>;
v0x5555556dddc0_0 .net/2u *"_ivl_288", 31 0, L_0x7f7b51b21768;  1 drivers
v0x5555556ddea0_0 .net *"_ivl_29", 5 0, L_0x5555556ffee0;  1 drivers
v0x5555556ddf80_0 .net *"_ivl_293", 0 0, L_0x55555570b240;  1 drivers
v0x5555556de060_0 .net *"_ivl_295", 0 0, L_0x55555570b2e0;  1 drivers
v0x5555556de140_0 .net *"_ivl_296", 31 0, L_0x55555570b680;  1 drivers
v0x5555556de220_0 .net *"_ivl_298", 31 0, L_0x55555570b7c0;  1 drivers
v0x5555556de300_0 .net *"_ivl_303", 0 0, L_0x55555570bda0;  1 drivers
v0x5555556de3e0_0 .net *"_ivl_304", 31 0, L_0x55555570c160;  1 drivers
v0x5555556de4c0_0 .net *"_ivl_309", 0 0, L_0x55555570c710;  1 drivers
v0x5555556de5a0_0 .net *"_ivl_31", 4 0, L_0x5555556fff80;  1 drivers
v0x5555556de680_0 .net *"_ivl_311", 0 0, L_0x55555570c7b0;  1 drivers
v0x5555556de760_0 .net *"_ivl_312", 0 0, L_0x55555570ae90;  1 drivers
L_0x7f7b51b217b0 .functor BUFT 1, C4<00000000000000000000000000000000>, C4<0>, C4<0>, C4<0>;
v0x5555556de840_0 .net/2u *"_ivl_316", 31 0, L_0x7f7b51b217b0;  1 drivers
v0x5555556de920_0 .net *"_ivl_318", 31 0, L_0x55555570ceb0;  1 drivers
L_0x7f7b51b217f8 .functor BUFT 1, C4<00000000000000000000000000000000>, C4<0>, C4<0>, C4<0>;
v0x5555556dea00_0 .net/2u *"_ivl_320", 31 0, L_0x7f7b51b217f8;  1 drivers
v0x5555556deae0_0 .net *"_ivl_322", 31 0, L_0x55555570d340;  1 drivers
v0x5555556debc0_0 .net *"_ivl_324", 31 0, L_0x55555570d480;  1 drivers
L_0x7f7b51b21840 .functor BUFT 1, C4<00000000000000000000000000000000>, C4<0>, C4<0>, C4<0>;
v0x5555556deca0_0 .net/2u *"_ivl_326", 31 0, L_0x7f7b51b21840;  1 drivers
v0x5555556ded80_0 .net *"_ivl_328", 31 0, L_0x55555570d590;  1 drivers
v0x5555556dee60_0 .net *"_ivl_330", 31 0, L_0x55555570da80;  1 drivers
L_0x7f7b51b21888 .functor BUFT 1, C4<00000000000000000000000000000000>, C4<0>, C4<0>, C4<0>;
v0x5555556def40_0 .net/2u *"_ivl_332", 31 0, L_0x7f7b51b21888;  1 drivers
v0x5555556df020_0 .net *"_ivl_334", 31 0, L_0x55555570dc90;  1 drivers
v0x5555556df100_0 .net *"_ivl_336", 31 0, L_0x55555570de20;  1 drivers
v0x5555556df1e0_0 .net *"_ivl_338", 0 0, L_0x55555570df30;  1 drivers
L_0x7f7b51b218d0 .functor BUFT 1, C4<00000000000000000000000000000000>, C4<0>, C4<0>, C4<0>;
v0x5555556df2c0_0 .net/2u *"_ivl_340", 31 0, L_0x7f7b51b218d0;  1 drivers
v0x5555556df3a0_0 .net *"_ivl_342", 31 0, L_0x55555570e150;  1 drivers
v0x5555556dfc90_0 .net *"_ivl_344", 31 0, L_0x55555570e650;  1 drivers
L_0x7f7b51b21918 .functor BUFT 1, C4<00000000000000000000000000000000>, C4<0>, C4<0>, C4<0>;
v0x5555556dfd70_0 .net/2u *"_ivl_346", 31 0, L_0x7f7b51b21918;  1 drivers
v0x5555556dfe50_0 .net *"_ivl_348", 31 0, L_0x55555570e760;  1 drivers
v0x5555556dff30_0 .net *"_ivl_35", 0 0, L_0x555555700240;  1 drivers
v0x5555556e0010_0 .net *"_ivl_353", 1 0, L_0x55555570ead0;  1 drivers
L_0x7f7b51b21960 .functor BUFT 1, C4<00>, C4<0>, C4<0>, C4<0>;
v0x5555556e00f0_0 .net/2u *"_ivl_354", 1 0, L_0x7f7b51b21960;  1 drivers
v0x5555556e01d0_0 .net *"_ivl_359", 1 0, L_0x55555570f030;  1 drivers
v0x5555556e02b0_0 .net *"_ivl_36", 19 0, L_0x555555700370;  1 drivers
L_0x7f7b51b219a8 .functor BUFT 1, C4<01>, C4<0>, C4<0>, C4<0>;
v0x5555556e0390_0 .net/2u *"_ivl_360", 1 0, L_0x7f7b51b219a8;  1 drivers
v0x5555556e0470_0 .net *"_ivl_365", 0 0, L_0x55555570f5a0;  1 drivers
v0x5555556e0550_0 .net *"_ivl_367", 0 0, L_0x55555570f9e0;  1 drivers
v0x5555556e0610_0 .net *"_ivl_369", 0 0, L_0x55555570fad0;  1 drivers
v0x5555556e06f0_0 .net *"_ivl_371", 0 0, L_0x55555570ff20;  1 drivers
v0x5555556e07d0_0 .net *"_ivl_372", 0 0, L_0x55555570ffc0;  1 drivers
v0x5555556e08b0_0 .net *"_ivl_376", 23 0, L_0x555555710620;  1 drivers
v0x5555556e0990_0 .net *"_ivl_378", 31 0, L_0x555555710710;  1 drivers
v0x5555556e0a70_0 .net *"_ivl_380", 15 0, L_0x555555710bd0;  1 drivers
v0x5555556e0b50_0 .net *"_ivl_382", 31 0, L_0x555555711080;  1 drivers
v0x5555556e0c30_0 .net *"_ivl_384", 31 0, L_0x5555557115a0;  1 drivers
v0x5555556e0d10_0 .net *"_ivl_389", 0 0, L_0x555555711cb0;  1 drivers
v0x5555556e0df0_0 .net *"_ivl_39", 0 0, L_0x555555700830;  1 drivers
v0x5555556e0ed0_0 .net *"_ivl_391", 15 0, L_0x555555711d50;  1 drivers
v0x5555556e0fb0_0 .net *"_ivl_393", 15 0, L_0x5555557121f0;  1 drivers
v0x5555556e1090_0 .net *"_ivl_397", 0 0, L_0x555555712870;  1 drivers
v0x5555556e1170_0 .net *"_ivl_399", 7 0, L_0x5555557129a0;  1 drivers
v0x5555556e1250_0 .net *"_ivl_401", 7 0, L_0x555555712ef0;  1 drivers
v0x5555556e1330_0 .net *"_ivl_407", 7 0, L_0x555555712b20;  1 drivers
v0x5555556e1410_0 .net *"_ivl_41", 5 0, L_0x555555700970;  1 drivers
v0x5555556e14f0_0 .net *"_ivl_411", 0 0, L_0x555555712c10;  1 drivers
v0x5555556e15d0_0 .net *"_ivl_413", 7 0, L_0x555555712cb0;  1 drivers
v0x5555556e16b0_0 .net *"_ivl_415", 7 0, L_0x555555712d50;  1 drivers
v0x5555556e1790_0 .net *"_ivl_416", 7 0, L_0x555555713480;  1 drivers
v0x5555556e1870_0 .net *"_ivl_421", 0 0, L_0x555555713570;  1 drivers
v0x5555556e1950_0 .net *"_ivl_423", 7 0, L_0x555555713030;  1 drivers
v0x5555556e1a30_0 .net *"_ivl_425", 7 0, L_0x5555557130d0;  1 drivers
v0x5555556e1b10_0 .net *"_ivl_426", 7 0, L_0x555555713170;  1 drivers
v0x5555556e1bf0_0 .net *"_ivl_43", 3 0, L_0x555555700a10;  1 drivers
v0x5555556e1cd0_0 .net *"_ivl_432", 0 0, L_0x555555713610;  1 drivers
v0x5555556e1db0_0 .net *"_ivl_434", 7 0, L_0x5555557136b0;  1 drivers
v0x5555556e1e90_0 .net *"_ivl_436", 0 0, L_0x555555713750;  1 drivers
v0x5555556e1f70_0 .net *"_ivl_438", 7 0, L_0x5555557137f0;  1 drivers
L_0x7f7b51b210a8 .functor BUFT 1, C4<0>, C4<0>, C4<0>, C4<0>;
v0x5555556e2050_0 .net/2u *"_ivl_44", 0 0, L_0x7f7b51b210a8;  1 drivers
v0x5555556e2130_0 .net *"_ivl_440", 7 0, L_0x555555713890;  1 drivers
v0x5555556e2210_0 .net *"_ivl_441", 7 0, L_0x555555713930;  1 drivers
v0x5555556e22f0_0 .net *"_ivl_443", 7 0, L_0x555555713fd0;  1 drivers
v0x5555556e23d0_0 .net *"_ivl_446", 0 0, L_0x5555557141b0;  1 drivers
v0x5555556e24b0_0 .net *"_ivl_448", 0 0, L_0x555555713ad0;  1 drivers
L_0x7f7b51b219f0 .functor BUFT 1, C4<1000>, C4<0>, C4<0>, C4<0>;
v0x5555556e2590_0 .net/2u *"_ivl_449", 3 0, L_0x7f7b51b219f0;  1 drivers
L_0x7f7b51b21a38 .functor BUFT 1, C4<0100>, C4<0>, C4<0>, C4<0>;
v0x5555556e2670_0 .net/2u *"_ivl_451", 3 0, L_0x7f7b51b21a38;  1 drivers
v0x5555556e2750_0 .net *"_ivl_453", 3 0, L_0x555555713b70;  1 drivers
v0x5555556e2830_0 .net *"_ivl_456", 0 0, L_0x555555713d00;  1 drivers
L_0x7f7b51b21a80 .functor BUFT 1, C4<0010>, C4<0>, C4<0>, C4<0>;
v0x5555556e2910_0 .net/2u *"_ivl_457", 3 0, L_0x7f7b51b21a80;  1 drivers
L_0x7f7b51b21ac8 .functor BUFT 1, C4<0001>, C4<0>, C4<0>, C4<0>;
v0x5555556e29f0_0 .net/2u *"_ivl_459", 3 0, L_0x7f7b51b21ac8;  1 drivers
v0x5555556e2ad0_0 .net *"_ivl_461", 3 0, L_0x555555713da0;  1 drivers
v0x5555556e2bb0_0 .net *"_ivl_463", 3 0, L_0x555555714730;  1 drivers
v0x5555556e2c90_0 .net *"_ivl_466", 0 0, L_0x555555714870;  1 drivers
L_0x7f7b51b21b10 .functor BUFT 1, C4<1100>, C4<0>, C4<0>, C4<0>;
v0x5555556e2d70_0 .net/2u *"_ivl_467", 3 0, L_0x7f7b51b21b10;  1 drivers
L_0x7f7b51b21b58 .functor BUFT 1, C4<0011>, C4<0>, C4<0>, C4<0>;
v0x5555556e2e50_0 .net/2u *"_ivl_469", 3 0, L_0x7f7b51b21b58;  1 drivers
v0x5555556e2f30_0 .net *"_ivl_471", 3 0, L_0x555555714250;  1 drivers
L_0x7f7b51b21ba0 .functor BUFT 1, C4<1111>, C4<0>, C4<0>, C4<0>;
v0x5555556e3010_0 .net/2u *"_ivl_473", 3 0, L_0x7f7b51b21ba0;  1 drivers
v0x5555556e30f0_0 .net *"_ivl_475", 3 0, L_0x5555557143e0;  1 drivers
v0x5555556e31d0_0 .net *"_ivl_479", 0 0, L_0x555555714610;  1 drivers
v0x5555556e32b0_0 .net *"_ivl_481", 0 0, L_0x55555570e9b0;  1 drivers
v0x5555556e3390_0 .net *"_ivl_484", 0 0, L_0x555555714f40;  1 drivers
v0x5555556e3470_0 .net *"_ivl_486", 0 0, L_0x555555714910;  1 drivers
v0x5555556e3550_0 .net *"_ivl_487", 0 0, L_0x5555557149b0;  1 drivers
v0x5555556e3630_0 .net *"_ivl_49", 0 0, L_0x555555700d60;  1 drivers
v0x5555556e3710_0 .net *"_ivl_492", 0 0, L_0x555555714cc0;  1 drivers
v0x5555556e37f0_0 .net *"_ivl_493", 0 0, L_0x555555714d60;  1 drivers
v0x5555556e38d0_0 .net *"_ivl_496", 0 0, L_0x555555715650;  1 drivers
v0x5555556e39b0_0 .net *"_ivl_5", 2 0, L_0x5555556eeba0;  1 drivers
v0x5555556e3a90_0 .net *"_ivl_50", 11 0, L_0x555555700ec0;  1 drivers
v0x5555556e3b70_0 .net *"_ivl_500", 0 0, L_0x5555557157b0;  1 drivers
v0x5555556e3c50_0 .net *"_ivl_501", 0 0, L_0x555555714fe0;  1 drivers
v0x5555556e3d30_0 .net *"_ivl_503", 3 0, L_0x555555715200;  1 drivers
v0x5555556e3e10_0 .net *"_ivl_508", 0 0, L_0x555555715440;  1 drivers
v0x5555556e3ef0_0 .net *"_ivl_511", 0 0, L_0x555555715a80;  1 drivers
v0x5555556e3fd0_0 .net *"_ivl_515", 0 0, L_0x5555557163d0;  1 drivers
v0x5555556e40b0_0 .net *"_ivl_517", 0 0, L_0x555555716560;  1 drivers
v0x5555556e4190_0 .net *"_ivl_53", 7 0, L_0x555555700fb0;  1 drivers
v0x5555556e4270_0 .net *"_ivl_55", 0 0, L_0x555555701120;  1 drivers
v0x5555556e4350_0 .net *"_ivl_57", 9 0, L_0x5555557013d0;  1 drivers
L_0x7f7b51b210f0 .functor BUFT 1, C4<0>, C4<0>, C4<0>, C4<0>;
v0x5555556e4430_0 .net/2u *"_ivl_58", 0 0, L_0x7f7b51b210f0;  1 drivers
v0x5555556e4510_0 .net *"_ivl_63", 4 0, L_0x555555701760;  1 drivers
L_0x7f7b51b21138 .functor BUFT 1, C4<00000>, C4<0>, C4<0>, C4<0>;
v0x5555556e45f0_0 .net/2u *"_ivl_64", 4 0, L_0x7f7b51b21138;  1 drivers
v0x5555556e46d0_0 .net *"_ivl_69", 4 0, L_0x555555701a80;  1 drivers
L_0x7f7b51b21180 .functor BUFT 1, C4<00100>, C4<0>, C4<0>, C4<0>;
v0x5555556e47b0_0 .net/2u *"_ivl_70", 4 0, L_0x7f7b51b21180;  1 drivers
v0x5555556e4890_0 .net *"_ivl_75", 4 0, L_0x555555701d60;  1 drivers
L_0x7f7b51b211c8 .functor BUFT 1, C4<01000>, C4<0>, C4<0>, C4<0>;
v0x5555556e4970_0 .net/2u *"_ivl_76", 4 0, L_0x7f7b51b211c8;  1 drivers
v0x5555556e4a50_0 .net *"_ivl_81", 4 0, L_0x555555702050;  1 drivers
L_0x7f7b51b21210 .functor BUFT 1, C4<01100>, C4<0>, C4<0>, C4<0>;
v0x5555556e4b30_0 .net/2u *"_ivl_82", 4 0, L_0x7f7b51b21210;  1 drivers
v0x5555556e4c10_0 .net *"_ivl_87", 4 0, L_0x555555702350;  1 drivers
L_0x7f7b51b21258 .functor BUFT 1, C4<11100>, C4<0>, C4<0>, C4<0>;
v0x5555556e4cf0_0 .net/2u *"_ivl_88", 4 0, L_0x7f7b51b21258;  1 drivers
v0x5555556e4dd0_0 .net *"_ivl_9", 0 0, L_0x5555556eee00;  1 drivers
v0x5555556e4eb0_0 .net *"_ivl_95", 4 0, L_0x555555702700;  1 drivers
L_0x7f7b51b212a0 .functor BUFT 1, C4<11001>, C4<0>, C4<0>, C4<0>;
v0x5555556e4f90_0 .net/2u *"_ivl_96", 4 0, L_0x7f7b51b212a0;  1 drivers
v0x5555556e5070_0 .net "aluBusy", 0 0, L_0x555555703820;  1 drivers
v0x5555556e5130_0 .net "aluIn1", 31 0, L_0x5555557035b0;  1 drivers
v0x5555556e5210_0 .net "aluIn2", 31 0, L_0x5555557036e0;  1 drivers
v0x5555556e52f0_0 .net "aluMinus", 32 0, L_0x555555704420;  1 drivers
v0x5555556e53d0_0 .net "aluOut", 31 0, L_0x555555707d80;  1 drivers
v0x5555556e54b0_0 .net "aluPlus", 31 0, L_0x555555703a80;  1 drivers
v0x5555556e5590_0 .var "aluReg", 31 0;
v0x5555556e5670_0 .var "aluShamt", 4 0;
v0x5555556e5750_0 .net "aluWr", 0 0, L_0x555555715850;  1 drivers
v0x5555556e5810_0 .net "clk", 0 0, v0x5555556ee5d0_0;  alias, 1 drivers
v0x5555556e58b0_0 .var "cycles", 31 0;
v0x5555556e5990_0 .net "funct3Is", 7 0, L_0x5555556eecc0;  1 drivers
v0x5555556e5a90_0 .net "funct3IsShift", 0 0, L_0x555555708db0;  1 drivers
v0x5555556e5b50_0 .var "instr", 31 2;
v0x5555556e5c30_0 .net "isALU", 0 0, L_0x5555556168f0;  1 drivers
v0x5555556e5cf0_0 .net "isALUimm", 0 0, L_0x555555701c20;  1 drivers
v0x5555556e5db0_0 .net "isALUreg", 0 0, L_0x555555702210;  1 drivers
v0x5555556e5e70_0 .net "isAUIPC", 0 0, L_0x555555702ea0;  1 drivers
v0x5555556e5f30_0 .net "isBranch", 0 0, L_0x555555703220;  1 drivers
v0x5555556e5ff0_0 .net "isJAL", 0 0, L_0x555555702520;  1 drivers
v0x5555556e60b0_0 .net "isJALR", 0 0, L_0x5555557027d0;  1 drivers
v0x5555556e6170_0 .net "isLUI", 0 0, L_0x555555702b30;  1 drivers
v0x5555556e6230_0 .net "isLoad", 0 0, L_0x555555701940;  1 drivers
v0x5555556e62f0_0 .net "isSYSTEM", 0 0, L_0x5555557020f0;  1 drivers
v0x5555556e63b0_0 .net "isStore", 0 0, L_0x555555701f10;  1 drivers
v0x5555556e6470_0 .net "jumpToPCplusImm", 0 0, L_0x555555715af0;  1 drivers
v0x5555556e6530_0 .net "loadstore_addr", 31 0, L_0x55555570c2a0;  1 drivers
v0x5555556e6610_0 .net "mem_addr", 31 0, L_0x55555570cd70;  alias, 1 drivers
v0x5555556e6720_0 .net "mem_byteAccess", 0 0, L_0x55555570eef0;  1 drivers
v0x5555556e67e0_0 .net "mem_halfwordAccess", 0 0, L_0x55555570f460;  1 drivers
L_0x7f7b51b21be8 .functor BUFT 1, C4<0>, C4<0>, C4<0>, C4<0>;
v0x5555556e68a0_0 .net "mem_rbusy", 0 0, L_0x7f7b51b21be8;  1 drivers
v0x5555556e6960_0 .net "mem_rdata", 31 0, v0x5555556edfc0_0;  1 drivers
v0x5555556df480_0 .net "mem_rstrb", 0 0, L_0x5555557156f0;  alias, 1 drivers
L_0x7f7b51b21c30 .functor BUFT 1, C4<0>, C4<0>, C4<0>, C4<0>;
v0x5555556df540_0 .net "mem_wbusy", 0 0, L_0x7f7b51b21c30;  1 drivers
v0x5555556df600_0 .net "mem_wdata", 31 0, L_0x555555713300;  alias, 1 drivers
v0x5555556df710_0 .net "mem_wmask", 3 0, L_0x555555715380;  alias, 1 drivers
v0x5555556df7d0_0 .net "needToWait", 0 0, L_0x555555716660;  1 drivers
v0x5555556df870_0 .net "predicate", 0 0, L_0x55555570ace0;  1 drivers
v0x5555556df930_0 .net "rdId", 4 0, L_0x5555556eeaa0;  1 drivers
v0x5555556dfa10 .array "registerFile", 0 31, 31 0;
v0x5555556dfb10_0 .net "reset", 0 0, v0x5555556ee690_0;  alias, 1 drivers
v0x5555556dfbb0_0 .var "rs1", 31 0;
v0x5555556e7a50_0 .var "rs2", 31 0;
v0x5555556e7b30_0 .var "state", 3 0;
v0x5555556e7c30_0 .net "writeBack", 0 0, L_0x555555714bb0;  1 drivers
v0x5555556e7cf0_0 .net "writeBackData", 31 0, L_0x55555570e8a0;  1 drivers
L_0x5555556eeaa0 .part v0x5555556e5b50_0, 5, 5;
L_0x5555556eeba0 .part v0x5555556e5b50_0, 10, 3;
L_0x5555556eecc0 .shift/l 8, L_0x7f7b51b21018, L_0x5555556eeba0;
L_0x5555556eee00 .part v0x5555556e5b50_0, 29, 1;
L_0x5555556eeed0 .part v0x5555556e5b50_0, 10, 19;
L_0x5555556ff040 .concat [ 12 19 1 0], L_0x7f7b51b21060, L_0x5555556eeed0, L_0x5555556eee00;
L_0x5555556ff220 .part v0x5555556e5b50_0, 29, 1;
LS_0x5555556ff2c0_0_0 .concat [ 1 1 1 1], L_0x5555556ff220, L_0x5555556ff220, L_0x5555556ff220, L_0x5555556ff220;
LS_0x5555556ff2c0_0_4 .concat [ 1 1 1 1], L_0x5555556ff220, L_0x5555556ff220, L_0x5555556ff220, L_0x5555556ff220;
LS_0x5555556ff2c0_0_8 .concat [ 1 1 1 1], L_0x5555556ff220, L_0x5555556ff220, L_0x5555556ff220, L_0x5555556ff220;
LS_0x5555556ff2c0_0_12 .concat [ 1 1 1 1], L_0x5555556ff220, L_0x5555556ff220, L_0x5555556ff220, L_0x5555556ff220;
LS_0x5555556ff2c0_0_16 .concat [ 1 1 1 1], L_0x5555556ff220, L_0x5555556ff220, L_0x5555556ff220, L_0x5555556ff220;
LS_0x5555556ff2c0_0_20 .concat [ 1 0 0 0], L_0x5555556ff220;
LS_0x5555556ff2c0_1_0 .concat [ 4 4 4 4], LS_0x5555556ff2c0_0_0, LS_0x5555556ff2c0_0_4, LS_0x5555556ff2c0_0_8, LS_0x5555556ff2c0_0_12;
LS_0x5555556ff2c0_1_4 .concat [ 4 1 0 0], LS_0x5555556ff2c0_0_16, LS_0x5555556ff2c0_0_20;
L_0x5555556ff2c0 .concat [ 16 5 0 0], LS_0x5555556ff2c0_1_0, LS_0x5555556ff2c0_1_4;
L_0x5555556ff870 .part v0x5555556e5b50_0, 18, 11;
L_0x5555556ff910 .concat [ 11 21 0 0], L_0x5555556ff870, L_0x5555556ff2c0;
L_0x5555556ffa60 .part v0x5555556e5b50_0, 29, 1;
LS_0x5555556ffb00_0_0 .concat [ 1 1 1 1], L_0x5555556ffa60, L_0x5555556ffa60, L_0x5555556ffa60, L_0x5555556ffa60;
LS_0x5555556ffb00_0_4 .concat [ 1 1 1 1], L_0x5555556ffa60, L_0x5555556ffa60, L_0x5555556ffa60, L_0x5555556ffa60;
LS_0x5555556ffb00_0_8 .concat [ 1 1 1 1], L_0x5555556ffa60, L_0x5555556ffa60, L_0x5555556ffa60, L_0x5555556ffa60;
LS_0x5555556ffb00_0_12 .concat [ 1 1 1 1], L_0x5555556ffa60, L_0x5555556ffa60, L_0x5555556ffa60, L_0x5555556ffa60;
LS_0x5555556ffb00_0_16 .concat [ 1 1 1 1], L_0x5555556ffa60, L_0x5555556ffa60, L_0x5555556ffa60, L_0x5555556ffa60;
LS_0x5555556ffb00_0_20 .concat [ 1 0 0 0], L_0x5555556ffa60;
LS_0x5555556ffb00_1_0 .concat [ 4 4 4 4], LS_0x5555556ffb00_0_0, LS_0x5555556ffb00_0_4, LS_0x5555556ffb00_0_8, LS_0x5555556ffb00_0_12;
LS_0x5555556ffb00_1_4 .concat [ 4 1 0 0], LS_0x5555556ffb00_0_16, LS_0x5555556ffb00_0_20;
L_0x5555556ffb00 .concat [ 16 5 0 0], LS_0x5555556ffb00_1_0, LS_0x5555556ffb00_1_4;
L_0x5555556ffee0 .part v0x5555556e5b50_0, 23, 6;
L_0x5555556fff80 .part v0x5555556e5b50_0, 5, 5;
L_0x5555557000a0 .concat [ 5 6 21 0], L_0x5555556fff80, L_0x5555556ffee0, L_0x5555556ffb00;
L_0x555555700240 .part v0x5555556e5b50_0, 29, 1;
LS_0x555555700370_0_0 .concat [ 1 1 1 1], L_0x555555700240, L_0x555555700240, L_0x555555700240, L_0x555555700240;
LS_0x555555700370_0_4 .concat [ 1 1 1 1], L_0x555555700240, L_0x555555700240, L_0x555555700240, L_0x555555700240;
LS_0x555555700370_0_8 .concat [ 1 1 1 1], L_0x555555700240, L_0x555555700240, L_0x555555700240, L_0x555555700240;
LS_0x555555700370_0_12 .concat [ 1 1 1 1], L_0x555555700240, L_0x555555700240, L_0x555555700240, L_0x555555700240;
LS_0x555555700370_0_16 .concat [ 1 1 1 1], L_0x555555700240, L_0x555555700240, L_0x555555700240, L_0x555555700240;
LS_0x555555700370_1_0 .concat [ 4 4 4 4], LS_0x555555700370_0_0, LS_0x555555700370_0_4, LS_0x555555700370_0_8, LS_0x555555700370_0_12;
LS_0x555555700370_1_4 .concat [ 4 0 0 0], LS_0x555555700370_0_16;
L_0x555555700370 .concat [ 16 4 0 0], LS_0x555555700370_1_0, LS_0x555555700370_1_4;
L_0x555555700830 .part v0x5555556e5b50_0, 5, 1;
L_0x555555700970 .part v0x5555556e5b50_0, 23, 6;
L_0x555555700a10 .part v0x5555556e5b50_0, 6, 4;
LS_0x5555557008d0_0_0 .concat [ 1 4 6 1], L_0x7f7b51b210a8, L_0x555555700a10, L_0x555555700970, L_0x555555700830;
LS_0x5555557008d0_0_4 .concat [ 20 0 0 0], L_0x555555700370;
L_0x5555557008d0 .concat [ 12 20 0 0], LS_0x5555557008d0_0_0, LS_0x5555557008d0_0_4;
L_0x555555700d60 .part v0x5555556e5b50_0, 29, 1;
LS_0x555555700ec0_0_0 .concat [ 1 1 1 1], L_0x555555700d60, L_0x555555700d60, L_0x555555700d60, L_0x555555700d60;
LS_0x555555700ec0_0_4 .concat [ 1 1 1 1], L_0x555555700d60, L_0x555555700d60, L_0x555555700d60, L_0x555555700d60;
LS_0x555555700ec0_0_8 .concat [ 1 1 1 1], L_0x555555700d60, L_0x555555700d60, L_0x555555700d60, L_0x555555700d60;
L_0x555555700ec0 .concat [ 4 4 4 0], LS_0x555555700ec0_0_0, LS_0x555555700ec0_0_4, LS_0x555555700ec0_0_8;
L_0x555555700fb0 .part v0x5555556e5b50_0, 10, 8;
L_0x555555701120 .part v0x5555556e5b50_0, 18, 1;
L_0x5555557013d0 .part v0x5555556e5b50_0, 19, 10;
LS_0x555555701550_0_0 .concat [ 1 10 1 8], L_0x7f7b51b210f0, L_0x5555557013d0, L_0x555555701120, L_0x555555700fb0;
LS_0x555555701550_0_4 .concat [ 12 0 0 0], L_0x555555700ec0;
L_0x555555701550 .concat [ 20 12 0 0], LS_0x555555701550_0_0, LS_0x555555701550_0_4;
L_0x555555701760 .part v0x5555556e5b50_0, 0, 5;
L_0x555555701940 .cmp/eq 5, L_0x555555701760, L_0x7f7b51b21138;
L_0x555555701a80 .part v0x5555556e5b50_0, 0, 5;
L_0x555555701c20 .cmp/eq 5, L_0x555555701a80, L_0x7f7b51b21180;
L_0x555555701d60 .part v0x5555556e5b50_0, 0, 5;
L_0x555555701f10 .cmp/eq 5, L_0x555555701d60, L_0x7f7b51b211c8;
L_0x555555702050 .part v0x5555556e5b50_0, 0, 5;
L_0x555555702210 .cmp/eq 5, L_0x555555702050, L_0x7f7b51b21210;
L_0x555555702350 .part v0x5555556e5b50_0, 0, 5;
L_0x5555557020f0 .cmp/eq 5, L_0x555555702350, L_0x7f7b51b21258;
L_0x555555702520 .part v0x5555556e5b50_0, 1, 1;
L_0x555555702700 .part v0x5555556e5b50_0, 0, 5;
L_0x5555557027d0 .cmp/eq 5, L_0x555555702700, L_0x7f7b51b212a0;
L_0x555555702a90 .part v0x5555556e5b50_0, 0, 5;
L_0x555555702b30 .cmp/eq 5, L_0x555555702a90, L_0x7f7b51b212e8;
L_0x555555702e00 .part v0x5555556e5b50_0, 0, 5;
L_0x555555702ea0 .cmp/eq 5, L_0x555555702e00, L_0x7f7b51b21330;
L_0x555555703180 .part v0x5555556e5b50_0, 0, 5;
L_0x555555703220 .cmp/eq 5, L_0x555555703180, L_0x7f7b51b21378;
L_0x5555557036e0 .functor MUXZ 32, L_0x5555556ff910, v0x5555556e7a50_0, L_0x555555703620, C4<>;
L_0x555555703820 .reduce/or v0x5555556e5670_0;
L_0x555555703a80 .arith/sum 32, L_0x5555557035b0, L_0x5555557036e0;
L_0x555555703c90 .concat [ 32 1 0 0], L_0x555555703b20, L_0x7f7b51b213c0;
L_0x555555703fa0 .concat [ 32 1 0 0], L_0x5555557035b0, L_0x7f7b51b21408;
L_0x555555704090 .arith/sum 33, L_0x555555703c90, L_0x555555703fa0;
L_0x555555704420 .arith/sum 33, L_0x555555704090, L_0x7f7b51b21450;
L_0x555555704560 .part L_0x5555557035b0, 31, 1;
L_0x5555557047c0 .part L_0x5555557036e0, 31, 1;
L_0x555555704890 .part L_0x5555557035b0, 31, 1;
L_0x555555704b00 .part L_0x555555704420, 32, 1;
L_0x555555704bf0 .functor MUXZ 1, L_0x555555704b00, L_0x555555704890, L_0x555555704130, C4<>;
L_0x555555704f60 .part L_0x555555704420, 32, 1;
L_0x555555705000 .part L_0x555555704420, 0, 32;
L_0x555555705320 .cmp/eq 32, L_0x555555705000, L_0x7f7b51b21498;
L_0x555555705440 .part L_0x5555556eecc0, 0, 1;
L_0x555555705730 .part v0x5555556e5b50_0, 28, 1;
L_0x5555557057d0 .part v0x5555556e5b50_0, 3, 1;
L_0x555555705c00 .part L_0x555555704420, 0, 32;
L_0x555555705ca0 .functor MUXZ 32, L_0x555555703a80, L_0x555555705c00, L_0x555555705a80, C4<>;
L_0x555555706050 .functor MUXZ 32, L_0x7f7b51b214e0, L_0x555555705ca0, L_0x555555705440, C4<>;
L_0x5555557061e0 .part L_0x5555556eecc0, 2, 1;
L_0x5555557064b0 .concat [ 1 31 0 0], L_0x555555704bf0, L_0x7f7b51b21528;
L_0x5555557065f0 .functor MUXZ 32, L_0x7f7b51b21570, L_0x5555557064b0, L_0x5555557061e0, C4<>;
L_0x555555706ad0 .part L_0x5555556eecc0, 3, 1;
L_0x555555706b70 .concat [ 1 31 0 0], L_0x555555704f60, L_0x7f7b51b215b8;
L_0x555555706eb0 .functor MUXZ 32, L_0x7f7b51b21600, L_0x555555706b70, L_0x555555706ad0, C4<>;
L_0x5555557071a0 .part L_0x5555556eecc0, 4, 1;
L_0x555555707510 .functor MUXZ 32, L_0x7f7b51b21648, L_0x5555557074a0, L_0x5555557071a0, C4<>;
L_0x5555557077b0 .part L_0x5555556eecc0, 6, 1;
L_0x555555707b30 .functor MUXZ 32, L_0x7f7b51b21690, L_0x555555707ac0, L_0x5555557077b0, C4<>;
L_0x555555707df0 .part L_0x5555556eecc0, 7, 1;
L_0x555555708180 .functor MUXZ 32, L_0x7f7b51b216d8, L_0x555555708110, L_0x555555707df0, C4<>;
L_0x5555557084a0 .functor MUXZ 32, L_0x7f7b51b21720, v0x5555556e5590_0, L_0x555555708db0, C4<>;
L_0x5555557088c0 .part L_0x5555556eecc0, 1, 1;
L_0x555555708a70 .part L_0x5555556eecc0, 5, 1;
L_0x555555708fa0 .part L_0x5555556eecc0, 0, 1;
L_0x555555709150 .part L_0x5555556eecc0, 1, 1;
L_0x5555557094a0 .reduce/nor L_0x555555705320;
L_0x555555709800 .part L_0x5555556eecc0, 4, 1;
L_0x555555709650 .part L_0x5555556eecc0, 5, 1;
L_0x555555709de0 .reduce/nor L_0x555555704bf0;
L_0x55555570a3e0 .part L_0x5555556eecc0, 6, 1;
L_0x55555570a720 .part L_0x5555556eecc0, 7, 1;
L_0x55555570aaa0 .reduce/nor L_0x555555704f60;
L_0x55555570adf0 .arith/sum 32, v0x5555556d88b0_0, L_0x7f7b51b21768;
L_0x55555570b240 .part v0x5555556e5b50_0, 1, 1;
L_0x55555570b2e0 .part v0x5555556e5b50_0, 2, 1;
L_0x55555570b680 .functor MUXZ 32, L_0x5555557008d0, L_0x5555556ff040, L_0x55555570b2e0, C4<>;
L_0x55555570b7c0 .functor MUXZ 32, L_0x55555570b680, L_0x555555701550, L_0x55555570b240, C4<>;
L_0x55555570bc60 .arith/sum 32, v0x5555556d88b0_0, L_0x55555570b7c0;
L_0x55555570bda0 .part v0x5555556e5b50_0, 3, 1;
L_0x55555570c160 .functor MUXZ 32, L_0x5555556ff910, L_0x5555557000a0, L_0x55555570bda0, C4<>;
L_0x55555570c2a0 .arith/sum 32, v0x5555556dfbb0_0, L_0x55555570c160;
L_0x55555570c710 .part v0x5555556e7b30_0, 1, 1;
L_0x55555570c7b0 .part v0x5555556e7b30_0, 0, 1;
L_0x55555570cd70 .functor MUXZ 32, L_0x55555570c2a0, v0x5555556d88b0_0, L_0x55555570ae90, C4<>;
L_0x55555570ceb0 .functor MUXZ 32, L_0x7f7b51b217b0, v0x5555556e58b0_0, L_0x5555557020f0, C4<>;
L_0x55555570d340 .functor MUXZ 32, L_0x7f7b51b217f8, L_0x5555556ff040, L_0x555555702b30, C4<>;
L_0x55555570d590 .functor MUXZ 32, L_0x7f7b51b21840, L_0x555555707d80, L_0x5555556168f0, C4<>;
L_0x55555570dc90 .functor MUXZ 32, L_0x7f7b51b21888, L_0x55555570bc60, L_0x555555702ea0, C4<>;
L_0x55555570e150 .functor MUXZ 32, L_0x7f7b51b218d0, L_0x55555570adf0, L_0x55555570df30, C4<>;
L_0x55555570e760 .functor MUXZ 32, L_0x7f7b51b21918, L_0x555555711730, L_0x555555701940, C4<>;
L_0x55555570ead0 .part v0x5555556e5b50_0, 10, 2;
L_0x55555570eef0 .cmp/eq 2, L_0x55555570ead0, L_0x7f7b51b21960;
L_0x55555570f030 .part v0x5555556e5b50_0, 10, 2;
L_0x55555570f460 .cmp/eq 2, L_0x55555570f030, L_0x7f7b51b219a8;
L_0x55555570f5a0 .part v0x5555556e5b50_0, 12, 1;
L_0x55555570f9e0 .reduce/nor L_0x55555570f5a0;
L_0x55555570fad0 .part L_0x555555712f90, 7, 1;
L_0x55555570ff20 .part L_0x555555712320, 15, 1;
L_0x55555570ffc0 .functor MUXZ 1, L_0x55555570ff20, L_0x55555570fad0, L_0x55555570eef0, C4<>;
LS_0x555555710620_0_0 .concat [ 1 1 1 1], L_0x555555710510, L_0x555555710510, L_0x555555710510, L_0x555555710510;
LS_0x555555710620_0_4 .concat [ 1 1 1 1], L_0x555555710510, L_0x555555710510, L_0x555555710510, L_0x555555710510;
LS_0x555555710620_0_8 .concat [ 1 1 1 1], L_0x555555710510, L_0x555555710510, L_0x555555710510, L_0x555555710510;
LS_0x555555710620_0_12 .concat [ 1 1 1 1], L_0x555555710510, L_0x555555710510, L_0x555555710510, L_0x555555710510;
LS_0x555555710620_0_16 .concat [ 1 1 1 1], L_0x555555710510, L_0x555555710510, L_0x555555710510, L_0x555555710510;
LS_0x555555710620_0_20 .concat [ 1 1 1 1], L_0x555555710510, L_0x555555710510, L_0x555555710510, L_0x555555710510;
LS_0x555555710620_1_0 .concat [ 4 4 4 4], LS_0x555555710620_0_0, LS_0x555555710620_0_4, LS_0x555555710620_0_8, LS_0x555555710620_0_12;
LS_0x555555710620_1_4 .concat [ 4 4 0 0], LS_0x555555710620_0_16, LS_0x555555710620_0_20;
L_0x555555710620 .concat [ 16 8 0 0], LS_0x555555710620_1_0, LS_0x555555710620_1_4;
L_0x555555710710 .concat [ 8 24 0 0], L_0x555555712f90, L_0x555555710620;
LS_0x555555710bd0_0_0 .concat [ 1 1 1 1], L_0x555555710510, L_0x555555710510, L_0x555555710510, L_0x555555710510;
LS_0x555555710bd0_0_4 .concat [ 1 1 1 1], L_0x555555710510, L_0x555555710510, L_0x555555710510, L_0x555555710510;
LS_0x555555710bd0_0_8 .concat [ 1 1 1 1], L_0x555555710510, L_0x555555710510, L_0x555555710510, L_0x555555710510;
LS_0x555555710bd0_0_12 .concat [ 1 1 1 1], L_0x555555710510, L_0x555555710510, L_0x555555710510, L_0x555555710510;
L_0x555555710bd0 .concat [ 4 4 4 4], LS_0x555555710bd0_0_0, LS_0x555555710bd0_0_4, LS_0x555555710bd0_0_8, LS_0x555555710bd0_0_12;
L_0x555555711080 .concat [ 16 16 0 0], L_0x555555712320, L_0x555555710bd0;
L_0x5555557115a0 .functor MUXZ 32, v0x5555556edfc0_0, L_0x555555711080, L_0x55555570f460, C4<>;
L_0x555555711730 .functor MUXZ 32, L_0x5555557115a0, L_0x555555710710, L_0x55555570eef0, C4<>;
L_0x555555711cb0 .part L_0x55555570c2a0, 1, 1;
L_0x555555711d50 .part v0x5555556edfc0_0, 16, 16;
L_0x5555557121f0 .part v0x5555556edfc0_0, 0, 16;
L_0x555555712320 .functor MUXZ 16, L_0x5555557121f0, L_0x555555711d50, L_0x555555711cb0, C4<>;
L_0x555555712870 .part L_0x55555570c2a0, 0, 1;
L_0x5555557129a0 .part L_0x555555712320, 8, 8;
L_0x555555712ef0 .part L_0x555555712320, 0, 8;
L_0x555555712f90 .functor MUXZ 8, L_0x555555712ef0, L_0x5555557129a0, L_0x555555712870, C4<>;
L_0x555555712b20 .part v0x5555556e7a50_0, 0, 8;
L_0x555555712c10 .part L_0x55555570c2a0, 0, 1;
L_0x555555712cb0 .part v0x5555556e7a50_0, 0, 8;
L_0x555555712d50 .part v0x5555556e7a50_0, 8, 8;
L_0x555555713480 .functor MUXZ 8, L_0x555555712d50, L_0x555555712cb0, L_0x555555712c10, C4<>;
L_0x555555713570 .part L_0x55555570c2a0, 1, 1;
L_0x555555713030 .part v0x5555556e7a50_0, 0, 8;
L_0x5555557130d0 .part v0x5555556e7a50_0, 16, 8;
L_0x555555713170 .functor MUXZ 8, L_0x5555557130d0, L_0x555555713030, L_0x555555713570, C4<>;
L_0x555555713300 .concat8 [ 8 8 8 8], L_0x555555712b20, L_0x555555713480, L_0x555555713170, L_0x555555713fd0;
L_0x555555713610 .part L_0x55555570c2a0, 0, 1;
L_0x5555557136b0 .part v0x5555556e7a50_0, 0, 8;
L_0x555555713750 .part L_0x55555570c2a0, 1, 1;
L_0x5555557137f0 .part v0x5555556e7a50_0, 8, 8;
L_0x555555713890 .part v0x5555556e7a50_0, 24, 8;
L_0x555555713930 .functor MUXZ 8, L_0x555555713890, L_0x5555557137f0, L_0x555555713750, C4<>;
L_0x555555713fd0 .functor MUXZ 8, L_0x555555713930, L_0x5555557136b0, L_0x555555713610, C4<>;
L_0x5555557141b0 .part L_0x55555570c2a0, 1, 1;
L_0x555555713ad0 .part L_0x55555570c2a0, 0, 1;
L_0x555555713b70 .functor MUXZ 4, L_0x7f7b51b21a38, L_0x7f7b51b219f0, L_0x555555713ad0, C4<>;
L_0x555555713d00 .part L_0x55555570c2a0, 0, 1;
L_0x555555713da0 .functor MUXZ 4, L_0x7f7b51b21ac8, L_0x7f7b51b21a80, L_0x555555713d00, C4<>;
L_0x555555714730 .functor MUXZ 4, L_0x555555713da0, L_0x555555713b70, L_0x5555557141b0, C4<>;
L_0x555555714870 .part L_0x55555570c2a0, 1, 1;
L_0x555555714250 .functor MUXZ 4, L_0x7f7b51b21b58, L_0x7f7b51b21b10, L_0x555555714870, C4<>;
L_0x5555557143e0 .functor MUXZ 4, L_0x7f7b51b21ba0, L_0x555555714250, L_0x55555570f460, C4<>;
L_0x555555714520 .functor MUXZ 4, L_0x5555557143e0, L_0x555555714730, L_0x55555570eef0, C4<>;
L_0x555555714f40 .part v0x5555556e7b30_0, 2, 1;
L_0x555555714910 .part v0x5555556e7b30_0, 3, 1;
L_0x555555714cc0 .part v0x5555556e7b30_0, 2, 1;
L_0x555555715650 .part v0x5555556e7b30_0, 0, 1;
L_0x5555557157b0 .part v0x5555556e7b30_0, 2, 1;
L_0x555555715200 .concat [ 1 1 1 1], L_0x555555714fe0, L_0x555555714fe0, L_0x555555714fe0, L_0x555555714fe0;
L_0x555555715440 .part v0x5555556e7b30_0, 2, 1;
S_0x555555673a70 .scope module, "uart_unit" "uart_ip" 3 78, 8 1 0, S_0x5555556a98c0;
 .timescale 0 0;
    .port_info 0 /INPUT 1 "clk";
    .port_info 1 /INPUT 1 "rst";
    .port_info 2 /INPUT 32 "waddr";
    .port_info 3 /INPUT 32 "wdata";
    .port_info 4 /INPUT 1 "wen";
    .port_info 5 /INPUT 4 "wstrb";
    .port_info 6 /OUTPUT 1 "wready";
    .port_info 7 /INPUT 32 "raddr";
    .port_info 8 /INPUT 1 "ren";
    .port_info 9 /OUTPUT 32 "rdata";
    .port_info 10 /OUTPUT 1 "rvalid";
    .port_info 11 /OUTPUT 1 "o_uart_tx";
P_0x5555556e7f90 .param/l "ADDR_W" 0 8 2, +C4<00000000000000000000000000100000>;
P_0x5555556e7fd0 .param/l "DATA_W" 0 8 3, +C4<00000000000000000000000000100000>;
P_0x5555556e8010 .param/l "STRB_W" 0 8 4, +C4<00000000000000000000000000000100>;
L_0x555555718c20 .functor AND 1, L_0x555555718b50, v0x5555556ebfa0_0, C4<1>, C4<1>;
v0x5555556ec170_0 .net *"_ivl_1", 0 0, L_0x555555718b50;  1 drivers
v0x5555556ec250_0 .net "clk", 0 0, v0x5555556ee5d0_0;  alias, 1 drivers
v0x5555556ec310_0 .net "csr_u_ctrl_start_out", 0 0, L_0x5555557188e0;  1 drivers
v0x5555556ec3e0_0 .net "csr_u_data_data_out", 7 0, L_0x555555717c70;  1 drivers
v0x5555556ec480_0 .net "o_ready", 0 0, v0x5555556ebfa0_0;  1 drivers
v0x5555556ec5c0_0 .var "o_ready_reg", 0 0;
v0x5555556ec660_0 .net "o_uart_tx", 0 0, L_0x555555718ff0;  alias, 1 drivers
v0x5555556ec700_0 .net "raddr", 31 0, L_0x555555719850;  1 drivers
v0x5555556ec7a0_0 .net "rdata", 31 0, L_0x5555557189b0;  alias, 1 drivers
v0x5555556ec8d0_0 .net "ren", 0 0, L_0x555555719630;  1 drivers
v0x5555556ec970_0 .net "rst", 0 0, L_0x555555719100;  1 drivers
v0x5555556eca10_0 .net "rvalid", 0 0, L_0x555555718a20;  1 drivers
v0x5555556ecab0_0 .net "waddr", 31 0, L_0x5555557193e0;  1 drivers
v0x5555556ecb80_0 .net "wdata", 31 0, L_0x555555713300;  alias, 1 drivers
v0x5555556eccb0_0 .net "wen", 0 0, L_0x5555557196a0;  1 drivers
L_0x7f7b51b22140 .functor BUFT 1, C4<1>, C4<0>, C4<0>, C4<0>;
v0x5555556ecd80_0 .net "wready", 0 0, L_0x7f7b51b22140;  1 drivers
v0x5555556ece50_0 .net "wstrb", 3 0, L_0x555555715380;  alias, 1 drivers
L_0x555555718b50 .reduce/nor v0x5555556ec5c0_0;
S_0x5555556877a0 .scope module, "uart_regs_interface_u0" "regs_uart" 8 38, 9 3 0, S_0x555555673a70;
 .timescale 0 0;
    .port_info 0 /INPUT 1 "clk";
    .port_info 1 /INPUT 1 "rst";
    .port_info 2 /OUTPUT 8 "csr_u_data_data_out";
    .port_info 3 /INPUT 1 "csr_u_stat_ready_in";
    .port_info 4 /INPUT 1 "csr_u_stat_tx_done_in";
    .port_info 5 /OUTPUT 1 "csr_u_ctrl_start_out";
    .port_info 6 /INPUT 32 "waddr";
    .port_info 7 /INPUT 32 "wdata";
    .port_info 8 /INPUT 1 "wen";
    .port_info 9 /INPUT 4 "wstrb";
    .port_info 10 /OUTPUT 1 "wready";
    .port_info 11 /INPUT 32 "raddr";
    .port_info 12 /INPUT 1 "ren";
    .port_info 13 /OUTPUT 32 "rdata";
    .port_info 14 /OUTPUT 1 "rvalid";
P_0x5555556e82f0 .param/l "ADDR_W" 0 9 4, +C4<00000000000000000000000000100000>;
P_0x5555556e8330 .param/l "DATA_W" 0 9 5, +C4<00000000000000000000000000100000>;
P_0x5555556e8370 .param/l "STRB_W" 0 9 6, +C4<00000000000000000000000000000100>;
L_0x555555717760 .functor AND 1, L_0x5555557196a0, L_0x555555717670, C4<1>, C4<1>;
L_0x5555557179b0 .functor AND 1, L_0x555555719630, L_0x555555717870, C4<1>, C4<1>;
L_0x555555717bb0 .functor BUFZ 8, v0x5555556e9ba0_0, C4<00000000>, C4<00000000>, C4<00000000>;
L_0x555555717c70 .functor BUFZ 8, v0x5555556e9ba0_0, C4<00000000>, C4<00000000>, C4<00000000>;
L_0x555555717e50 .functor AND 1, L_0x5555557196a0, L_0x555555717d30, C4<1>, C4<1>;
L_0x555555718000 .functor AND 1, L_0x555555719630, L_0x555555717f10, C4<1>, C4<1>;
L_0x5555557185d0 .functor AND 1, L_0x5555557196a0, L_0x5555557184a0, C4<1>, C4<1>;
L_0x5555557188e0 .functor BUFZ 1, v0x5555556e9960_0, C4<0>, C4<0>, C4<0>;
L_0x5555557189b0 .functor BUFZ 32, v0x5555556ea860_0, C4<00000000000000000000000000000000>, C4<00000000000000000000000000000000>, C4<00000000000000000000000000000000>;
L_0x555555718a20 .functor BUFZ 1, v0x5555556eab80_0, C4<0>, C4<0>, C4<0>;
L_0x7f7b51b21e70 .functor BUFT 1, C4<00000000000000000000000000000000>, C4<0>, C4<0>, C4<0>;
v0x5555556e8680_0 .net/2u *"_ivl_10", 31 0, L_0x7f7b51b21e70;  1 drivers
v0x5555556e8780_0 .net *"_ivl_12", 0 0, L_0x555555717870;  1 drivers
L_0x7f7b51b21de0 .functor BUFT 1, C4<000000000000000000000000>, C4<0>, C4<0>, C4<0>;
v0x5555556e8840_0 .net/2u *"_ivl_2", 23 0, L_0x7f7b51b21de0;  1 drivers
v0x5555556e8930_0 .net *"_ivl_20", 7 0, L_0x555555717bb0;  1 drivers
L_0x7f7b51b21eb8 .functor BUFT 1, C4<00000>, C4<0>, C4<0>, C4<0>;
v0x5555556e8a10_0 .net/2u *"_ivl_25", 4 0, L_0x7f7b51b21eb8;  1 drivers
L_0x7f7b51b21f00 .functor BUFT 1, C4<0000000>, C4<0>, C4<0>, C4<0>;
v0x5555556e8b40_0 .net/2u *"_ivl_29", 6 0, L_0x7f7b51b21f00;  1 drivers
L_0x7f7b51b21f48 .functor BUFT 1, C4<000000000000000000>, C4<0>, C4<0>, C4<0>;
v0x5555556e8c20_0 .net/2u *"_ivl_33", 17 0, L_0x7f7b51b21f48;  1 drivers
L_0x7f7b51b21f90 .functor BUFT 1, C4<00000000000000000000000000000100>, C4<0>, C4<0>, C4<0>;
v0x5555556e8d00_0 .net/2u *"_ivl_35", 31 0, L_0x7f7b51b21f90;  1 drivers
v0x5555556e8de0_0 .net *"_ivl_37", 0 0, L_0x555555717d30;  1 drivers
L_0x7f7b51b21e28 .functor BUFT 1, C4<00000000000000000000000000000000>, C4<0>, C4<0>, C4<0>;
v0x5555556e8ea0_0 .net/2u *"_ivl_4", 31 0, L_0x7f7b51b21e28;  1 drivers
L_0x7f7b51b21fd8 .functor BUFT 1, C4<00000000000000000000000000000100>, C4<0>, C4<0>, C4<0>;
v0x5555556e8f80_0 .net/2u *"_ivl_41", 31 0, L_0x7f7b51b21fd8;  1 drivers
v0x5555556e9060_0 .net *"_ivl_43", 0 0, L_0x555555717f10;  1 drivers
v0x5555556e9120_0 .net *"_ivl_50", 0 0, v0x5555556ea160_0;  1 drivers
v0x5555556e9200_0 .net *"_ivl_55", 0 0, v0x5555556ea460_0;  1 drivers
L_0x7f7b51b22020 .functor BUFT 1, C4<000000000>, C4<0>, C4<0>, C4<0>;
v0x5555556e92e0_0 .net/2u *"_ivl_58", 8 0, L_0x7f7b51b22020;  1 drivers
v0x5555556e93c0_0 .net *"_ivl_6", 0 0, L_0x555555717670;  1 drivers
L_0x7f7b51b22068 .functor BUFT 1, C4<0000000000000000000000>, C4<0>, C4<0>, C4<0>;
v0x5555556e9480_0 .net/2u *"_ivl_62", 21 0, L_0x7f7b51b22068;  1 drivers
L_0x7f7b51b220b0 .functor BUFT 1, C4<00000000000000000000000000001000>, C4<0>, C4<0>, C4<0>;
v0x5555556e9560_0 .net/2u *"_ivl_64", 31 0, L_0x7f7b51b220b0;  1 drivers
v0x5555556e9640_0 .net *"_ivl_66", 0 0, L_0x5555557184a0;  1 drivers
L_0x7f7b51b220f8 .functor BUFT 1, C4<0>, C4<0>, C4<0>, C4<0>;
v0x5555556e9700_0 .net/2u *"_ivl_73", 0 0, L_0x7f7b51b220f8;  1 drivers
v0x5555556e97e0_0 .net "clk", 0 0, v0x5555556ee5d0_0;  alias, 1 drivers
v0x5555556e9880_0 .net "csr_u_ctrl_rdata", 31 0, L_0x5555557186d0;  1 drivers
v0x5555556e9960_0 .var "csr_u_ctrl_start_ff", 0 0;
v0x5555556e9a20_0 .net "csr_u_ctrl_start_out", 0 0, L_0x5555557188e0;  alias, 1 drivers
v0x5555556e9ae0_0 .net "csr_u_ctrl_wen", 0 0, L_0x5555557185d0;  1 drivers
v0x5555556e9ba0_0 .var "csr_u_data_data_ff", 7 0;
v0x5555556e9c80_0 .net "csr_u_data_data_out", 7 0, L_0x555555717c70;  alias, 1 drivers
v0x5555556e9d60_0 .net "csr_u_data_rdata", 31 0, L_0x555555717ac0;  1 drivers
v0x5555556e9e40_0 .net "csr_u_data_ren", 0 0, L_0x5555557179b0;  1 drivers
v0x5555556e9f00_0 .var "csr_u_data_ren_ff", 0 0;
v0x5555556e9fc0_0 .net "csr_u_data_wen", 0 0, L_0x555555717760;  1 drivers
v0x5555556ea080_0 .net "csr_u_stat_rdata", 31 0, L_0x555555718170;  1 drivers
v0x5555556ea160_0 .var "csr_u_stat_ready_ff", 0 0;
v0x5555556ea220_0 .net "csr_u_stat_ready_in", 0 0, v0x5555556ebfa0_0;  alias, 1 drivers
v0x5555556ea2e0_0 .net "csr_u_stat_ren", 0 0, L_0x555555718000;  1 drivers
v0x5555556ea3a0_0 .var "csr_u_stat_ren_ff", 0 0;
v0x5555556ea460_0 .var "csr_u_stat_tx_done_ff", 0 0;
v0x5555556ea520_0 .net "csr_u_stat_tx_done_in", 0 0, L_0x555555718c20;  1 drivers
v0x5555556ea5e0_0 .net "csr_u_stat_wen", 0 0, L_0x555555717e50;  1 drivers
v0x5555556ea6a0_0 .net "raddr", 31 0, L_0x555555719850;  alias, 1 drivers
v0x5555556ea780_0 .net "rdata", 31 0, L_0x5555557189b0;  alias, 1 drivers
v0x5555556ea860_0 .var "rdata_ff", 31 0;
v0x5555556ea940_0 .net "ren", 0 0, L_0x555555719630;  alias, 1 drivers
v0x5555556eaa00_0 .net "rst", 0 0, L_0x555555719100;  alias, 1 drivers
v0x5555556eaac0_0 .net "rvalid", 0 0, L_0x555555718a20;  alias, 1 drivers
v0x5555556eab80_0 .var "rvalid_ff", 0 0;
v0x5555556eac40_0 .net "waddr", 31 0, L_0x5555557193e0;  alias, 1 drivers
v0x5555556ead20_0 .net "wdata", 31 0, L_0x555555713300;  alias, 1 drivers
v0x5555556eade0_0 .net "wen", 0 0, L_0x5555557196a0;  alias, 1 drivers
v0x5555556eaea0_0 .net "wready", 0 0, L_0x7f7b51b22140;  alias, 1 drivers
v0x5555556eaf60_0 .net "wstrb", 3 0, L_0x555555715380;  alias, 1 drivers
L_0x555555717670 .cmp/eq 32, L_0x5555557193e0, L_0x7f7b51b21e28;
L_0x555555717870 .cmp/eq 32, L_0x555555719850, L_0x7f7b51b21e70;
L_0x555555717ac0 .concat8 [ 8 24 0 0], L_0x555555717bb0, L_0x7f7b51b21de0;
L_0x555555717d30 .cmp/eq 32, L_0x5555557193e0, L_0x7f7b51b21f90;
L_0x555555717f10 .cmp/eq 32, L_0x555555719850, L_0x7f7b51b21fd8;
LS_0x555555718170_0_0 .concat8 [ 5 1 7 1], L_0x7f7b51b21eb8, v0x5555556ea160_0, L_0x7f7b51b21f00, v0x5555556ea460_0;
LS_0x555555718170_0_4 .concat8 [ 18 0 0 0], L_0x7f7b51b21f48;
L_0x555555718170 .concat8 [ 14 18 0 0], LS_0x555555718170_0_0, LS_0x555555718170_0_4;
L_0x5555557184a0 .cmp/eq 32, L_0x5555557193e0, L_0x7f7b51b220b0;
L_0x5555557186d0 .concat8 [ 9 1 22 0], L_0x7f7b51b22020, L_0x7f7b51b220f8, L_0x7f7b51b22068;
S_0x5555556eb200 .scope module, "uart_transmitter_u1" "uart_tx" 8 59, 10 10 0, S_0x555555673a70;
 .timescale 0 0;
    .port_info 0 /INPUT 1 "i_clk";
    .port_info 1 /INPUT 1 "i_rst";
    .port_info 2 /INPUT 8 "i_data";
    .port_info 3 /INPUT 1 "i_valid";
    .port_info 4 /OUTPUT 1 "o_ready";
    .port_info 5 /OUTPUT 1 "o_uart_tx";
P_0x5555556c6090 .param/l "START_VALUE" 1 10 27, +C4<0000000000000000000000000000000000000000000000000000001101100100>;
P_0x5555556c60d0 .param/l "WIDTH" 1 10 29, +C4<00000000000000000000000000001010>;
P_0x5555556c6110 .param/l "baud_rate" 0 10 13, +C4<00000000000000011100001000000000>;
P_0x5555556c6150 .param/l "clk_freq_hz" 0 10 12, +C4<0000000000000000000000000000000000000101111101011110000100000000>;
L_0x555555718ff0 .functor OR 1, L_0x555555718d10, L_0x555555718f00, C4<0>, C4<0>;
v0x5555556eb790_0 .net *"_ivl_1", 0 0, L_0x555555718d10;  1 drivers
v0x5555556eb870_0 .net *"_ivl_3", 0 0, L_0x555555718de0;  1 drivers
v0x5555556eb930_0 .net *"_ivl_5", 0 0, L_0x555555718f00;  1 drivers
v0x5555556eba00_0 .var "cnt", 10 0;
v0x5555556ebae0_0 .var "data", 9 0;
v0x5555556ebc10_0 .net "i_clk", 0 0, v0x5555556ee5d0_0;  alias, 1 drivers
v0x5555556ebcb0_0 .net "i_data", 7 0, L_0x555555717c70;  alias, 1 drivers
v0x5555556ebd70_0 .net "i_rst", 0 0, L_0x555555719100;  alias, 1 drivers
v0x5555556ebe40_0 .net "i_valid", 0 0, L_0x5555557188e0;  alias, 1 drivers
v0x5555556ebfa0_0 .var "o_ready", 0 0;
v0x5555556ec070_0 .net "o_uart_tx", 0 0, L_0x555555718ff0;  alias, 1 drivers
L_0x555555718d10 .part v0x5555556ebae0_0, 0, 1;
L_0x555555718de0 .reduce/or v0x5555556ebae0_0;
L_0x555555718f00 .reduce/nor L_0x555555718de0;
    .scope S_0x5555556a9fa0;
T_0 ;
    %pushi/vec4 0, 0, 32;
    %store/vec4 v0x5555556ac570_0, 0, 32;
T_0.0 ; Top of for-loop 
    %load/vec4 v0x5555556ac570_0;
    %cmpi/s 1024, 0, 32;
    %jmp/0xz T_0.1, 5;
    %pushi/vec4 0, 0, 32;
    %ix/getv/s 4, v0x5555556ac570_0;
    %store/vec4a v0x5555556a6fb0, 4, 0;
T_0.2 ; for-loop step statement
    %load/vec4 v0x5555556ac570_0;
    %addi 1, 0, 32;
    %store/vec4 v0x5555556ac570_0, 0, 32;
    %jmp T_0.0;
T_0.1 ; for-loop exit label
    %vpi_call 4 19 "$readmemh", P_0x5555556c5c70, v0x5555556a6fb0 {0 0 0};
    %end;
    .thread T_0;
    .scope S_0x5555556a9fa0;
T_1 ;
    %wait E_0x55555565bcf0;
    %load/vec4 v0x5555556d50b0_0;
    %parti/s 1, 0, 2;
    %flag_set/vec4 8;
    %jmp/0xz  T_1.0, 8;
    %load/vec4 v0x5555556d4fd0_0;
    %parti/s 8, 0, 2;
    %ix/getv 3, v0x5555556d5190_0;
    %ix/load 4, 0, 0; Constant delay
    %assign/vec4/a/d v0x5555556a6fb0, 0, 4;
T_1.0 ;
    %load/vec4 v0x5555556d50b0_0;
    %parti/s 1, 1, 2;
    %flag_set/vec4 8;
    %jmp/0xz  T_1.2, 8;
    %load/vec4 v0x5555556d4fd0_0;
    %parti/s 8, 8, 5;
    %ix/getv 3, v0x5555556d5190_0;
    %ix/load 4, 8, 0; part off
    %ix/load 5, 0, 0; Constant delay
    %assign/vec4/a/d v0x5555556a6fb0, 4, 5;
T_1.2 ;
    %load/vec4 v0x5555556d50b0_0;
    %parti/s 1, 2, 3;
    %flag_set/vec4 8;
    %jmp/0xz  T_1.4, 8;
    %load/vec4 v0x5555556d4fd0_0;
    %parti/s 8, 16, 6;
    %ix/getv 3, v0x5555556d5190_0;
    %ix/load 4, 16, 0; part off
    %ix/load 5, 0, 0; Constant delay
    %assign/vec4/a/d v0x5555556a6fb0, 4, 5;
T_1.4 ;
    %load/vec4 v0x5555556d50b0_0;
    %parti/s 1, 3, 3;
    %flag_set/vec4 8;
    %jmp/0xz  T_1.6, 8;
    %load/vec4 v0x5555556d4fd0_0;
    %parti/s 8, 24, 6;
    %ix/getv 3, v0x5555556d5190_0;
    %ix/load 4, 24, 0; part off
    %ix/load 5, 0, 0; Constant delay
    %assign/vec4/a/d v0x5555556a6fb0, 4, 5;
T_1.6 ;
    %jmp T_1;
    .thread T_1;
    .scope S_0x5555556a9fa0;
T_2 ;
    %wait E_0x55555565bcf0;
    %load/vec4 v0x5555555d3c80_0;
    %flag_set/vec4 8;
    %jmp/0xz  T_2.0, 8;
    %ix/getv 4, v0x5555556d5190_0;
    %load/vec4a v0x5555556a6fb0, 4;
    %assign/vec4 v0x5555556ad850_0, 0;
T_2.0 ;
    %jmp T_2;
    .thread T_2;
    .scope S_0x55555566e860;
T_3 ;
    %wait E_0x55555565bcf0;
    %load/vec4 v0x5555556e7c30_0;
    %flag_set/vec4 8;
    %jmp/0xz  T_3.0, 8;
    %load/vec4 v0x5555556df930_0;
    %pad/u 32;
    %cmpi/ne 0, 0, 32;
    %jmp/0xz  T_3.2, 4;
    %load/vec4 v0x5555556e7cf0_0;
    %load/vec4 v0x5555556df930_0;
    %pad/u 7;
    %ix/vec4 3;
    %ix/load 4, 0, 0; Constant delay
    %assign/vec4/a/d v0x5555556dfa10, 0, 4;
T_3.2 ;
T_3.0 ;
    %jmp T_3;
    .thread T_3;
    .scope S_0x55555566e860;
T_4 ;
    %wait E_0x55555565bcf0;
    %load/vec4 v0x5555556e5750_0;
    %flag_set/vec4 8;
    %jmp/0xz  T_4.0, 8;
    %load/vec4 v0x5555556e5a90_0;
    %flag_set/vec4 8;
    %jmp/0xz  T_4.2, 8;
    %load/vec4 v0x5555556e5130_0;
    %assign/vec4 v0x5555556e5590_0, 0;
    %load/vec4 v0x5555556e5210_0;
    %parti/s 5, 0, 2;
    %assign/vec4 v0x5555556e5670_0, 0;
T_4.2 ;
T_4.0 ;
    %load/vec4 v0x5555556e5670_0;
    %or/r;
    %flag_set/vec4 8;
    %jmp/0xz  T_4.4, 8;
    %load/vec4 v0x5555556e5670_0;
    %subi 1, 0, 5;
    %assign/vec4 v0x5555556e5670_0, 0;
    %load/vec4 v0x5555556e5990_0;
    %parti/s 1, 1, 2;
    %flag_set/vec4 8;
    %jmp/0 T_4.6, 8;
    %load/vec4 v0x5555556e5590_0;
    %ix/load 4, 1, 0;
    %flag_set/imm 4, 0;
    %shiftl 4;
    %jmp/1 T_4.7, 8;
T_4.6 ; End of true expr.
    %load/vec4 v0x5555556e5b50_0;
    %parti/s 1, 28, 6;
    %load/vec4 v0x5555556e5590_0;
    %parti/s 1, 31, 6;
    %and;
    %load/vec4 v0x5555556e5590_0;
    %parti/s 31, 1, 2;
    %concat/vec4; draw_concat_vec4
    %jmp/0 T_4.7, 8;
 ; End of false expr.
    %blend;
T_4.7;
    %assign/vec4 v0x5555556e5590_0, 0;
T_4.4 ;
    %jmp T_4;
    .thread T_4;
    .scope S_0x55555566e860;
T_5 ;
    %wait E_0x55555565bcf0;
    %load/vec4 v0x5555556dfb10_0;
    %nor/r;
    %flag_set/vec4 8;
    %jmp/0xz  T_5.0, 8;
    %pushi/vec4 8, 0, 4;
    %assign/vec4 v0x5555556e7b30_0, 0;
    %pushi/vec4 0, 0, 32;
    %assign/vec4 v0x5555556d88b0_0, 0;
    %jmp T_5.1;
T_5.0 ;
    %pushi/vec4 1, 0, 1;
    %dup/vec4;
    %load/vec4 v0x5555556e7b30_0;
    %parti/s 1, 1, 2;
    %cmp/u;
    %jmp/1 T_5.2, 6;
    %dup/vec4;
    %load/vec4 v0x5555556e7b30_0;
    %parti/s 1, 2, 3;
    %cmp/u;
    %jmp/1 T_5.3, 6;
    %dup/vec4;
    %load/vec4 v0x5555556e7b30_0;
    %parti/s 1, 3, 3;
    %cmp/u;
    %jmp/1 T_5.4, 6;
    %pushi/vec4 2, 0, 4;
    %assign/vec4 v0x5555556e7b30_0, 0;
    %jmp T_5.6;
T_5.2 ;
    %load/vec4 v0x5555556e68a0_0;
    %nor/r;
    %flag_set/vec4 8;
    %jmp/0xz  T_5.7, 8;
    %load/vec4 v0x5555556e6960_0;
    %parti/s 5, 15, 5;
    %pad/u 7;
    %ix/vec4 4;
    %load/vec4a v0x5555556dfa10, 4;
    %assign/vec4 v0x5555556dfbb0_0, 0;
    %load/vec4 v0x5555556e6960_0;
    %parti/s 5, 20, 6;
    %pad/u 7;
    %ix/vec4 4;
    %load/vec4a v0x5555556dfa10, 4;
    %assign/vec4 v0x5555556e7a50_0, 0;
    %load/vec4 v0x5555556e6960_0;
    %parti/s 30, 2, 3;
    %assign/vec4 v0x5555556e5b50_0, 0;
    %pushi/vec4 4, 0, 4;
    %assign/vec4 v0x5555556e7b30_0, 0;
T_5.7 ;
    %jmp T_5.6;
T_5.3 ;
    %load/vec4 v0x5555556e60b0_0;
    %flag_set/vec4 8;
    %jmp/0 T_5.9, 8;
    %load/vec4 v0x5555556e54b0_0;
    %parti/s 31, 1, 2;
    %concati/vec4 0, 0, 1;
    %jmp/1 T_5.10, 8;
T_5.9 ; End of true expr.
    %load/vec4 v0x5555556e6470_0;
    %flag_set/vec4 9;
    %jmp/0 T_5.11, 9;
    %load/vec4 v0x5555556d8a70_0;
    %jmp/1 T_5.12, 9;
T_5.11 ; End of true expr.
    %load/vec4 v0x5555556d8990_0;
    %jmp/0 T_5.12, 9;
 ; End of false expr.
    %blend;
T_5.12;
    %jmp/0 T_5.10, 8;
 ; End of false expr.
    %blend;
T_5.10;
    %assign/vec4 v0x5555556d88b0_0, 0;
    %load/vec4 v0x5555556df7d0_0;
    %flag_set/vec4 8;
    %jmp/0 T_5.13, 8;
    %pushi/vec4 8, 0, 35;
    %jmp/1 T_5.14, 8;
T_5.13 ; End of true expr.
    %pushi/vec4 1, 0, 35;
    %jmp/0 T_5.14, 8;
 ; End of false expr.
    %blend;
T_5.14;
    %pad/s 4;
    %assign/vec4 v0x5555556e7b30_0, 0;
    %jmp T_5.6;
T_5.4 ;
    %load/vec4 v0x5555556e5070_0;
    %nor/r;
    %load/vec4 v0x5555556e68a0_0;
    %nor/r;
    %and;
    %load/vec4 v0x5555556df540_0;
    %nor/r;
    %and;
    %flag_set/vec4 8;
    %jmp/0xz  T_5.15, 8;
    %pushi/vec4 1, 0, 4;
    %assign/vec4 v0x5555556e7b30_0, 0;
T_5.15 ;
    %jmp T_5.6;
T_5.6 ;
    %pop/vec4 1;
T_5.1 ;
    %jmp T_5;
    .thread T_5;
    .scope S_0x55555566e860;
T_6 ;
    %wait E_0x55555565bcf0;
    %load/vec4 v0x5555556e58b0_0;
    %addi 1, 0, 32;
    %assign/vec4 v0x5555556e58b0_0, 0;
    %jmp T_6;
    .thread T_6;
    .scope S_0x55555566e860;
T_7 ;
    %pushi/vec4 0, 0, 32;
    %store/vec4 v0x5555556e58b0_0, 0, 32;
    %pushi/vec4 0, 0, 5;
    %store/vec4 v0x5555556e5670_0, 0, 5;
    %pushi/vec4 0, 0, 32;
    %ix/load 4, 0, 0;
    %flag_set/imm 4, 0;
    %store/vec4a v0x5555556dfa10, 4, 0;
    %end;
    .thread T_7;
    .scope S_0x55555565f040;
T_8 ;
    %wait E_0x55555565bcf0;
    %load/vec4 v0x5555556d6ea0_0;
    %flag_set/vec4 8;
    %jmp/0xz  T_8.0, 8;
    %pushi/vec4 0, 0, 1;
    %assign/vec4 v0x5555556d69c0_0, 0;
    %jmp T_8.1;
T_8.0 ;
    %load/vec4 v0x5555556d6900_0;
    %assign/vec4 v0x5555556d69c0_0, 0;
T_8.1 ;
    %jmp T_8;
    .thread T_8;
    .scope S_0x55555565f040;
T_9 ;
    %wait E_0x55555565bcf0;
    %load/vec4 v0x5555556d6ea0_0;
    %flag_set/vec4 8;
    %jmp/0xz  T_9.0, 8;
    %pushi/vec4 0, 0, 32;
    %assign/vec4 v0x5555556d6680_0, 0;
    %jmp T_9.1;
T_9.0 ;
    %load/vec4 v0x5555556d6a80_0;
    %flag_set/vec4 8;
    %jmp/0xz  T_9.2, 8;
    %load/vec4 v0x5555556d7410_0;
    %parti/s 1, 0, 2;
    %flag_set/vec4 8;
    %jmp/0xz  T_9.4, 8;
    %load/vec4 v0x5555556d71c0_0;
    %parti/s 8, 0, 2;
    %ix/load 4, 0, 0;
    %ix/load 5, 0, 0;
    %flag_set/imm 4, 0;
    %assign/vec4/off/d v0x5555556d6680_0, 4, 5;
T_9.4 ;
    %load/vec4 v0x5555556d7410_0;
    %parti/s 1, 1, 2;
    %flag_set/vec4 8;
    %jmp/0xz  T_9.6, 8;
    %load/vec4 v0x5555556d71c0_0;
    %parti/s 8, 8, 5;
    %ix/load 4, 8, 0;
    %ix/load 5, 0, 0;
    %flag_set/imm 4, 0;
    %assign/vec4/off/d v0x5555556d6680_0, 4, 5;
T_9.6 ;
    %load/vec4 v0x5555556d7410_0;
    %parti/s 1, 2, 3;
    %flag_set/vec4 8;
    %jmp/0xz  T_9.8, 8;
    %load/vec4 v0x5555556d71c0_0;
    %parti/s 8, 16, 6;
    %ix/load 4, 16, 0;
    %ix/load 5, 0, 0;
    %flag_set/imm 4, 0;
    %assign/vec4/off/d v0x5555556d6680_0, 4, 5;
T_9.8 ;
    %load/vec4 v0x5555556d7410_0;
    %parti/s 1, 3, 3;
    %flag_set/vec4 8;
    %jmp/0xz  T_9.10, 8;
    %load/vec4 v0x5555556d71c0_0;
    %parti/s 8, 24, 6;
    %ix/load 4, 24, 0;
    %ix/load 5, 0, 0;
    %flag_set/imm 4, 0;
    %assign/vec4/off/d v0x5555556d6680_0, 4, 5;
T_9.10 ;
    %jmp T_9.3;
T_9.2 ;
    %load/vec4 v0x5555556d6680_0;
    %assign/vec4 v0x5555556d6680_0, 0;
T_9.3 ;
T_9.1 ;
    %jmp T_9;
    .thread T_9;
    .scope S_0x55555565f040;
T_10 ;
    %wait E_0x55555565bcf0;
    %load/vec4 v0x5555556d6ea0_0;
    %flag_set/vec4 8;
    %jmp/0xz  T_10.0, 8;
    %pushi/vec4 0, 0, 32;
    %assign/vec4 v0x5555556d6d00_0, 0;
    %jmp T_10.1;
T_10.0 ;
    %load/vec4 v0x5555556d6de0_0;
    %flag_set/vec4 8;
    %jmp/0xz  T_10.2, 8;
    %load/vec4 v0x5555556d6b40_0;
    %dup/vec4;
    %pushi/vec4 0, 0, 32;
    %cmp/u;
    %jmp/1 T_10.4, 6;
    %pushi/vec4 0, 0, 32;
    %assign/vec4 v0x5555556d6d00_0, 0;
    %jmp T_10.6;
T_10.4 ;
    %load/vec4 v0x5555556d6820_0;
    %assign/vec4 v0x5555556d6d00_0, 0;
    %jmp T_10.6;
T_10.6 ;
    %pop/vec4 1;
    %jmp T_10.3;
T_10.2 ;
    %pushi/vec4 0, 0, 32;
    %assign/vec4 v0x5555556d6d00_0, 0;
T_10.3 ;
T_10.1 ;
    %jmp T_10;
    .thread T_10;
    .scope S_0x55555565f040;
T_11 ;
    %wait E_0x55555565bcf0;
    %load/vec4 v0x5555556d6ea0_0;
    %flag_set/vec4 8;
    %jmp/0xz  T_11.0, 8;
    %pushi/vec4 0, 0, 1;
    %assign/vec4 v0x5555556d7020_0, 0;
    %jmp T_11.1;
T_11.0 ;
    %load/vec4 v0x5555556d6de0_0;
    %flag_set/vec4 9;
    %flag_get/vec4 9;
    %jmp/0 T_11.4, 9;
    %load/vec4 v0x5555556d6f60_0;
    %and;
T_11.4;
    %flag_set/vec4 8;
    %jmp/0xz  T_11.2, 8;
    %pushi/vec4 0, 0, 1;
    %assign/vec4 v0x5555556d7020_0, 0;
    %jmp T_11.3;
T_11.2 ;
    %load/vec4 v0x5555556d6de0_0;
    %flag_set/vec4 8;
    %jmp/0xz  T_11.5, 8;
    %pushi/vec4 1, 0, 1;
    %assign/vec4 v0x5555556d7020_0, 0;
T_11.5 ;
T_11.3 ;
T_11.1 ;
    %jmp T_11;
    .thread T_11;
    .scope S_0x5555556877a0;
T_12 ;
    %wait E_0x55555565bcf0;
    %load/vec4 v0x5555556eaa00_0;
    %flag_set/vec4 8;
    %jmp/0xz  T_12.0, 8;
    %pushi/vec4 0, 0, 1;
    %assign/vec4 v0x5555556e9f00_0, 0;
    %jmp T_12.1;
T_12.0 ;
    %load/vec4 v0x5555556e9e40_0;
    %assign/vec4 v0x5555556e9f00_0, 0;
T_12.1 ;
    %jmp T_12;
    .thread T_12;
    .scope S_0x5555556877a0;
T_13 ;
    %wait E_0x55555565bcf0;
    %load/vec4 v0x5555556eaa00_0;
    %flag_set/vec4 8;
    %jmp/0xz  T_13.0, 8;
    %pushi/vec4 0, 0, 8;
    %assign/vec4 v0x5555556e9ba0_0, 0;
    %jmp T_13.1;
T_13.0 ;
    %load/vec4 v0x5555556e9fc0_0;
    %flag_set/vec4 8;
    %jmp/0xz  T_13.2, 8;
    %load/vec4 v0x5555556eaf60_0;
    %parti/s 1, 0, 2;
    %flag_set/vec4 8;
    %jmp/0xz  T_13.4, 8;
    %load/vec4 v0x5555556ead20_0;
    %parti/s 8, 0, 2;
    %assign/vec4 v0x5555556e9ba0_0, 0;
T_13.4 ;
    %jmp T_13.3;
T_13.2 ;
    %load/vec4 v0x5555556e9ba0_0;
    %assign/vec4 v0x5555556e9ba0_0, 0;
T_13.3 ;
T_13.1 ;
    %jmp T_13;
    .thread T_13;
    .scope S_0x5555556877a0;
T_14 ;
    %wait E_0x55555565bcf0;
    %load/vec4 v0x5555556eaa00_0;
    %flag_set/vec4 8;
    %jmp/0xz  T_14.0, 8;
    %pushi/vec4 0, 0, 1;
    %assign/vec4 v0x5555556ea3a0_0, 0;
    %jmp T_14.1;
T_14.0 ;
    %load/vec4 v0x5555556ea2e0_0;
    %assign/vec4 v0x5555556ea3a0_0, 0;
T_14.1 ;
    %jmp T_14;
    .thread T_14;
    .scope S_0x5555556877a0;
T_15 ;
    %wait E_0x55555565bcf0;
    %load/vec4 v0x5555556eaa00_0;
    %flag_set/vec4 8;
    %jmp/0xz  T_15.0, 8;
    %pushi/vec4 1, 0, 1;
    %assign/vec4 v0x5555556ea160_0, 0;
    %jmp T_15.1;
T_15.0 ;
    %load/vec4 v0x5555556ea220_0;
    %assign/vec4 v0x5555556ea160_0, 0;
T_15.1 ;
    %jmp T_15;
    .thread T_15;
    .scope S_0x5555556877a0;
T_16 ;
    %wait E_0x55555565bcf0;
    %load/vec4 v0x5555556eaa00_0;
    %flag_set/vec4 8;
    %jmp/0xz  T_16.0, 8;
    %pushi/vec4 0, 0, 1;
    %assign/vec4 v0x5555556ea460_0, 0;
    %jmp T_16.1;
T_16.0 ;
    %load/vec4 v0x5555556ea2e0_0;
    %flag_set/vec4 9;
    %flag_get/vec4 9;
    %jmp/0 T_16.4, 9;
    %load/vec4 v0x5555556ea3a0_0;
    %nor/r;
    %and;
T_16.4;
    %flag_set/vec4 8;
    %jmp/0xz  T_16.2, 8;
    %pushi/vec4 0, 0, 1;
    %assign/vec4 v0x5555556ea460_0, 0;
    %jmp T_16.3;
T_16.2 ;
    %load/vec4 v0x5555556ea520_0;
    %assign/vec4 v0x5555556ea460_0, 0;
T_16.3 ;
T_16.1 ;
    %jmp T_16;
    .thread T_16;
    .scope S_0x5555556877a0;
T_17 ;
    %wait E_0x55555565bcf0;
    %load/vec4 v0x5555556eaa00_0;
    %flag_set/vec4 8;
    %jmp/0xz  T_17.0, 8;
    %pushi/vec4 0, 0, 1;
    %assign/vec4 v0x5555556e9960_0, 0;
    %jmp T_17.1;
T_17.0 ;
    %load/vec4 v0x5555556e9ae0_0;
    %flag_set/vec4 8;
    %jmp/0xz  T_17.2, 8;
    %load/vec4 v0x5555556eaf60_0;
    %parti/s 1, 1, 2;
    %flag_set/vec4 8;
    %jmp/0xz  T_17.4, 8;
    %load/vec4 v0x5555556ead20_0;
    %parti/s 1, 9, 5;
    %assign/vec4 v0x5555556e9960_0, 0;
T_17.4 ;
    %jmp T_17.3;
T_17.2 ;
    %pushi/vec4 0, 0, 1;
    %assign/vec4 v0x5555556e9960_0, 0;
T_17.3 ;
T_17.1 ;
    %jmp T_17;
    .thread T_17;
    .scope S_0x5555556877a0;
T_18 ;
    %wait E_0x55555565bcf0;
    %load/vec4 v0x5555556eaa00_0;
    %flag_set/vec4 8;
    %jmp/0xz  T_18.0, 8;
    %pushi/vec4 0, 0, 32;
    %assign/vec4 v0x5555556ea860_0, 0;
    %jmp T_18.1;
T_18.0 ;
    %load/vec4 v0x5555556ea940_0;
    %flag_set/vec4 8;
    %jmp/0xz  T_18.2, 8;
    %load/vec4 v0x5555556ea6a0_0;
    %dup/vec4;
    %pushi/vec4 0, 0, 32;
    %cmp/u;
    %jmp/1 T_18.4, 6;
    %dup/vec4;
    %pushi/vec4 4, 0, 32;
    %cmp/u;
    %jmp/1 T_18.5, 6;
    %dup/vec4;
    %pushi/vec4 8, 0, 32;
    %cmp/u;
    %jmp/1 T_18.6, 6;
    %pushi/vec4 0, 0, 32;
    %assign/vec4 v0x5555556ea860_0, 0;
    %jmp T_18.8;
T_18.4 ;
    %load/vec4 v0x5555556e9d60_0;
    %assign/vec4 v0x5555556ea860_0, 0;
    %jmp T_18.8;
T_18.5 ;
    %load/vec4 v0x5555556ea080_0;
    %assign/vec4 v0x5555556ea860_0, 0;
    %jmp T_18.8;
T_18.6 ;
    %load/vec4 v0x5555556e9880_0;
    %assign/vec4 v0x5555556ea860_0, 0;
    %jmp T_18.8;
T_18.8 ;
    %pop/vec4 1;
    %jmp T_18.3;
T_18.2 ;
    %pushi/vec4 0, 0, 32;
    %assign/vec4 v0x5555556ea860_0, 0;
T_18.3 ;
T_18.1 ;
    %jmp T_18;
    .thread T_18;
    .scope S_0x5555556877a0;
T_19 ;
    %wait E_0x55555565bcf0;
    %load/vec4 v0x5555556eaa00_0;
    %flag_set/vec4 8;
    %jmp/0xz  T_19.0, 8;
    %pushi/vec4 0, 0, 1;
    %assign/vec4 v0x5555556eab80_0, 0;
    %jmp T_19.1;
T_19.0 ;
    %load/vec4 v0x5555556ea940_0;
    %flag_set/vec4 9;
    %flag_get/vec4 9;
    %jmp/0 T_19.4, 9;
    %load/vec4 v0x5555556eaac0_0;
    %and;
T_19.4;
    %flag_set/vec4 8;
    %jmp/0xz  T_19.2, 8;
    %pushi/vec4 0, 0, 1;
    %assign/vec4 v0x5555556eab80_0, 0;
    %jmp T_19.3;
T_19.2 ;
    %load/vec4 v0x5555556ea940_0;
    %flag_set/vec4 8;
    %jmp/0xz  T_19.5, 8;
    %pushi/vec4 1, 0, 1;
    %assign/vec4 v0x5555556eab80_0, 0;
T_19.5 ;
T_19.3 ;
T_19.1 ;
    %jmp T_19;
    .thread T_19;
    .scope S_0x5555556eb200;
T_20 ;
    %vpi_call 10 23 "$dumpfile", "wave.vcd" {0 0 0};
    %vpi_call 10 24 "$dumpvars" {0 0 0};
    %end;
    .thread T_20;
    .scope S_0x5555556eb200;
T_21 ;
    %wait E_0x55555565bcf0;
    %load/vec4 v0x5555556ebd70_0;
    %flag_set/vec4 8;
    %jmp/0xz  T_21.0, 8;
    %pushi/vec4 0, 0, 11;
    %assign/vec4 v0x5555556eba00_0, 0;
    %pushi/vec4 0, 0, 10;
    %assign/vec4 v0x5555556ebae0_0, 0;
    %jmp T_21.1;
T_21.0 ;
    %load/vec4 v0x5555556eba00_0;
    %parti/s 1, 10, 5;
    %load/vec4 v0x5555556ebae0_0;
    %or/r;
    %nor/r;
    %and;
    %flag_set/vec4 8;
    %jmp/0xz  T_21.2, 8;
    %pushi/vec4 1, 0, 1;
    %assign/vec4 v0x5555556ebfa0_0, 0;
    %jmp T_21.3;
T_21.2 ;
    %load/vec4 v0x5555556ebe40_0;
    %load/vec4 v0x5555556ebfa0_0;
    %and;
    %flag_set/vec4 8;
    %jmp/0xz  T_21.4, 8;
    %pushi/vec4 0, 0, 1;
    %assign/vec4 v0x5555556ebfa0_0, 0;
T_21.4 ;
T_21.3 ;
    %load/vec4 v0x5555556ebfa0_0;
    %load/vec4 v0x5555556eba00_0;
    %parti/s 1, 10, 5;
    %or;
    %flag_set/vec4 8;
    %jmp/0xz  T_21.6, 8;
    %pushi/vec4 868, 0, 11;
    %assign/vec4 v0x5555556eba00_0, 0;
    %jmp T_21.7;
T_21.6 ;
    %load/vec4 v0x5555556eba00_0;
    %subi 1, 0, 11;
    %assign/vec4 v0x5555556eba00_0, 0;
T_21.7 ;
    %load/vec4 v0x5555556eba00_0;
    %parti/s 1, 10, 5;
    %flag_set/vec4 8;
    %jmp/0xz  T_21.8, 8;
    %pushi/vec4 0, 0, 1;
    %load/vec4 v0x5555556ebae0_0;
    %parti/s 9, 1, 2;
    %concat/vec4; draw_concat_vec4
    %assign/vec4 v0x5555556ebae0_0, 0;
    %jmp T_21.9;
T_21.8 ;
    %load/vec4 v0x5555556ebe40_0;
    %load/vec4 v0x5555556ebfa0_0;
    %and;
    %flag_set/vec4 8;
    %jmp/0xz  T_21.10, 8;
    %pushi/vec4 1, 0, 1;
    %load/vec4 v0x5555556ebcb0_0;
    %concat/vec4; draw_concat_vec4
    %concati/vec4 0, 0, 1;
    %assign/vec4 v0x5555556ebae0_0, 0;
T_21.10 ;
T_21.9 ;
T_21.1 ;
    %jmp T_21;
    .thread T_21;
    .scope S_0x555555673a70;
T_22 ;
    %wait E_0x55555565bcf0;
    %load/vec4 v0x5555556ec480_0;
    %assign/vec4 v0x5555556ec5c0_0, 0;
    %jmp T_22;
    .thread T_22;
    .scope S_0x5555556a98c0;
T_23 ;
    %wait E_0x5555555f3790;
    %pushi/vec4 0, 0, 32;
    %store/vec4 v0x5555556edfc0_0, 0, 32;
    %load/vec4 v0x5555556ee460_0;
    %load/vec4 v0x5555556ee390_0;
    %concat/vec4; draw_concat_vec4
    %load/vec4 v0x5555556ee2c0_0;
    %concat/vec4; draw_concat_vec4
    %dup/vec4;
    %pushi/vec4 1, 0, 3;
    %cmp/u;
    %jmp/1 T_23.0, 6;
    %dup/vec4;
    %pushi/vec4 2, 0, 3;
    %cmp/u;
    %jmp/1 T_23.1, 6;
    %dup/vec4;
    %pushi/vec4 4, 0, 3;
    %cmp/u;
    %jmp/1 T_23.2, 6;
    %jmp T_23.3;
T_23.0 ;
    %load/vec4 v0x5555556edbe0_0;
    %store/vec4 v0x5555556edfc0_0, 0, 32;
    %jmp T_23.3;
T_23.1 ;
    %load/vec4 v0x5555556ee0b0_0;
    %store/vec4 v0x5555556edfc0_0, 0, 32;
    %jmp T_23.3;
T_23.2 ;
    %load/vec4 v0x5555556ee180_0;
    %store/vec4 v0x5555556edfc0_0, 0, 32;
    %jmp T_23.3;
T_23.3 ;
    %pop/vec4 1;
    %jmp T_23;
    .thread T_23, $push;
    .scope S_0x5555556b7770;
T_24 ;
    %delay 5, 0;
    %load/vec4 v0x5555556ee5d0_0;
    %inv;
    %store/vec4 v0x5555556ee5d0_0, 0, 1;
    %jmp T_24;
    .thread T_24;
    .scope S_0x5555556b7770;
T_25 ;
    %vpi_call 2 17 "$dumpfile", "tb_processor.vcd" {0 0 0};
    %vpi_call 2 18 "$dumpvars", 32'sb00000000000000000000000000000000, S_0x5555556b7770 {0 0 0};
    %end;
    .thread T_25;
    .scope S_0x5555556b7770;
T_26 ;
    %delay 1, 0;
    %pushi/vec4 1, 1, 1;
    %assign/vec4 v0x5555556ee690_0, 0;
    %pushi/vec4 1, 1, 1;
    %assign/vec4 v0x5555556ee5d0_0, 0;
    %delay 30, 0;
    %pushi/vec4 1, 0, 1;
    %assign/vec4 v0x5555556ee690_0, 0;
    %delay 30, 0;
    %pushi/vec4 0, 0, 1;
    %assign/vec4 v0x5555556ee690_0, 0;
    %pushi/vec4 0, 0, 1;
    %assign/vec4 v0x5555556ee5d0_0, 0;
    %pushi/vec4 5, 0, 32;
T_26.0 %dup/vec4;
    %pushi/vec4 0, 0, 32;
    %cmp/s;
    %jmp/1xz T_26.1, 5;
    %jmp/1 T_26.1, 4;
    %pushi/vec4 1, 0, 32;
    %sub;
    %wait E_0x55555565bcf0;
    %jmp T_26.0;
T_26.1 ;
    %pop/vec4 1;
    %pushi/vec4 1, 0, 1;
    %assign/vec4 v0x5555556ee690_0, 0;
    %wait E_0x55555565bcf0;
    %pushi/vec4 20000, 0, 32;
T_26.2 %dup/vec4;
    %pushi/vec4 0, 0, 32;
    %cmp/s;
    %jmp/1xz T_26.3, 5;
    %jmp/1 T_26.3, 4;
    %pushi/vec4 1, 0, 32;
    %sub;
    %wait E_0x55555565bcf0;
    %jmp T_26.2;
T_26.3 ;
    %pop/vec4 1;
    %vpi_call 2 29 "$finish", 32'sb00000000000000000000000000000010 {0 0 0};
    %end;
    .thread T_26;
# The file index is used to find the file name in the following table.
:file_names 11;
    "N/A";
    "<interactive>";
    "tb_processor.v";
    "src/top.v";
    "src/Memory.v";
    "src/device_select.v";
    "src/gpio_ip.v";
    "src/femtorv32_quark.v";
    "src/uart_ip.v";
    "src/regs_uart.v";
    "src/uart_tx.v";
